{
"contracts/Extension.sol":{"l":{"37":1387,"38":1387,"47":3,"49":3,"51":3,"54":3,"56":3,"58":3,"59":3,"67":22,"69":22,"71":22,"76":22,"80":22,"81":22,"83":18,"85":16,"87":16,"89":16,"90":12,"93":2,"96":22,"97":22,"98":22,"112":1390,"113":1390,"114":1390,"130":6,"131":6,"133":6,"141":6,"142":6,"143":6,"147":6,"148":2,"152":2,"153":2,"154":2,"155":2,"158":2,"166":4,"169":4,"174":4,"178":2,"179":2,"189":1387,"196":1387,"201":1387,"202":1387,"206":1387},"path":"/home/nfett/coder/tellor3/contracts/Extension.sol","s":{"1":1387,"2":1387,"3":3,"4":3,"5":3,"6":3,"7":3,"8":3,"9":3,"10":22,"11":22,"12":22,"13":22,"14":22,"15":22,"16":18,"17":16,"18":16,"19":16,"20":12,"21":2,"22":2,"23":22,"24":22,"25":22,"26":1390,"27":1390,"28":1390,"29":6,"30":6,"31":6,"32":6,"33":6,"34":6,"35":6,"36":2,"37":2,"38":2,"39":2,"40":2,"41":4,"42":4,"43":4,"44":2,"45":2,"46":1387,"47":1387,"48":1387,"49":1387,"50":1387},"b":{"1":[3,0],"2":[22,0],"3":[22,0],"4":[22,0],"5":[18,4],"6":[16,2],"7":[12,4],"8":[2,0],"9":[6,0],"10":[6,0],"11":[2,4],"12":[2,0],"13":[4,0],"14":[2,2],"15":[1387,0],"16":[1387,0]},"f":{"1":1387,"2":3,"3":22,"4":1390,"5":6,"6":4,"7":1387},"fnMap":{"1":{"name":"depositStake","line":36,"loc":{"start":{"line":36,"column":4},"end":{"line":39,"column":4}}},"2":{"name":"requestStakingWithdraw","line":46,"loc":{"start":{"line":46,"column":4},"end":{"line":60,"column":4}}},"3":{"name":"tallyVotes","line":66,"loc":{"start":{"line":66,"column":4},"end":{"line":105,"column":4}}},"4":{"name":"updateMinDisputeFee","line":111,"loc":{"start":{"line":111,"column":4},"end":{"line":122,"column":4}}},"5":{"name":"updateTellor","line":129,"loc":{"start":{"line":129,"column":4},"end":{"line":159,"column":4}}},"6":{"name":"withdrawStake","line":165,"loc":{"start":{"line":165,"column":4},"end":{"line":180,"column":4}}},"7":{"name":"_newStake","line":188,"loc":{"start":{"line":188,"column":4},"end":{"line":207,"column":4}}}},"statementMap":{"1":{"start":{"line":37,"column":8},"end":{"line":37,"column":28}},"2":{"start":{"line":38,"column":8},"end":{"line":38,"column":28}},"3":{"start":{"line":47,"column":8},"end":{"line":47,"column":60}},"4":{"start":{"line":49,"column":8},"end":{"line":49,"column":64}},"5":{"start":{"line":51,"column":8},"end":{"line":51,"column":31}},"6":{"start":{"line":54,"column":8},"end":{"line":54,"column":69}},"7":{"start":{"line":56,"column":8},"end":{"line":56,"column":31}},"8":{"start":{"line":58,"column":8},"end":{"line":58,"column":28}},"9":{"start":{"line":59,"column":8},"end":{"line":59,"column":47}},"10":{"start":{"line":67,"column":8},"end":{"line":67,"column":55}},"11":{"start":{"line":69,"column":8},"end":{"line":69,"column":75}},"12":{"start":{"line":71,"column":8},"end":{"line":71,"column":2818}},"13":{"start":{"line":76,"column":8},"end":{"line":76,"column":3011}},"14":{"start":{"line":80,"column":8},"end":{"line":80,"column":34}},"15":{"start":{"line":81,"column":8},"end":{"line":81,"column":3165}},"16":{"start":{"line":83,"column":12},"end":{"line":83,"column":3244}},"17":{"start":{"line":85,"column":16},"end":{"line":85,"column":44}},"18":{"start":{"line":87,"column":16},"end":{"line":87,"column":76}},"19":{"start":{"line":89,"column":16},"end":{"line":89,"column":3640}},"20":{"start":{"line":90,"column":20},"end":{"line":90,"column":43}},"21":{"start":{"line":92,"column":19},"end":{"line":92,"column":3752}},"22":{"start":{"line":93,"column":16},"end":{"line":93,"column":44}},"23":{"start":{"line":96,"column":8},"end":{"line":96,"column":58}},"24":{"start":{"line":97,"column":8},"end":{"line":97,"column":27}},"25":{"start":{"line":98,"column":8},"end":{"line":98,"column":3980}},"26":{"start":{"line":112,"column":8},"end":{"line":112,"column":48}},"27":{"start":{"line":113,"column":8},"end":{"line":113,"column":51}},"28":{"start":{"line":114,"column":8},"end":{"line":114,"column":4447}},"29":{"start":{"line":130,"column":8},"end":{"line":130,"column":53}},"30":{"start":{"line":131,"column":8},"end":{"line":131,"column":54}},"31":{"start":{"line":133,"column":8},"end":{"line":133,"column":5183}},"32":{"start":{"line":141,"column":8},"end":{"line":141,"column":65}},"33":{"start":{"line":142,"column":8},"end":{"line":142,"column":58}},"34":{"start":{"line":143,"column":8},"end":{"line":143,"column":5573}},"35":{"start":{"line":147,"column":8},"end":{"line":147,"column":68}},"36":{"start":{"line":148,"column":8},"end":{"line":148,"column":5776}},"37":{"start":{"line":152,"column":8},"end":{"line":152,"column":47}},"38":{"start":{"line":153,"column":8},"end":{"line":153,"column":52}},"39":{"start":{"line":154,"column":8},"end":{"line":154,"column":47}},"40":{"start":{"line":158,"column":8},"end":{"line":158,"column":41}},"41":{"start":{"line":166,"column":8},"end":{"line":166,"column":60}},"42":{"start":{"line":169,"column":8},"end":{"line":169,"column":6594}},"43":{"start":{"line":174,"column":8},"end":{"line":174,"column":6757}},"44":{"start":{"line":178,"column":8},"end":{"line":178,"column":31}},"45":{"start":{"line":179,"column":8},"end":{"line":179,"column":39}},"46":{"start":{"line":189,"column":8},"end":{"line":189,"column":7343}},"47":{"start":{"line":196,"column":8},"end":{"line":196,"column":7689}},"48":{"start":{"line":201,"column":8},"end":{"line":201,"column":31}},"49":{"start":{"line":202,"column":8},"end":{"line":202,"column":7910}},"50":{"start":{"line":206,"column":8},"end":{"line":206,"column":30}}},"branchMap":{"1":{"line":49,"type":"if","locations":[{"start":{"line":49,"column":8},"end":{"line":49,"column":8}},{"start":{"line":49,"column":8},"end":{"line":49,"column":8}}]},"2":{"line":69,"type":"if","locations":[{"start":{"line":69,"column":8},"end":{"line":69,"column":8}},{"start":{"line":69,"column":8},"end":{"line":69,"column":8}}]},"3":{"line":71,"type":"if","locations":[{"start":{"line":71,"column":8},"end":{"line":71,"column":8}},{"start":{"line":71,"column":8},"end":{"line":71,"column":8}}]},"4":{"line":76,"type":"if","locations":[{"start":{"line":76,"column":8},"end":{"line":76,"column":8}},{"start":{"line":76,"column":8},"end":{"line":76,"column":8}}]},"5":{"line":81,"type":"if","locations":[{"start":{"line":81,"column":8},"end":{"line":81,"column":8}},{"start":{"line":81,"column":8},"end":{"line":81,"column":8}}]},"6":{"line":83,"type":"if","locations":[{"start":{"line":83,"column":12},"end":{"line":83,"column":12}},{"start":{"line":83,"column":12},"end":{"line":83,"column":12}}]},"7":{"line":89,"type":"if","locations":[{"start":{"line":89,"column":16},"end":{"line":89,"column":16}},{"start":{"line":89,"column":16},"end":{"line":89,"column":16}}]},"8":{"line":92,"type":"if","locations":[{"start":{"line":92,"column":19},"end":{"line":92,"column":19}},{"start":{"line":92,"column":19},"end":{"line":92,"column":19}}]},"9":{"line":142,"type":"if","locations":[{"start":{"line":142,"column":8},"end":{"line":142,"column":8}},{"start":{"line":142,"column":8},"end":{"line":142,"column":8}}]},"10":{"line":143,"type":"if","locations":[{"start":{"line":143,"column":8},"end":{"line":143,"column":8}},{"start":{"line":143,"column":8},"end":{"line":143,"column":8}}]},"11":{"line":147,"type":"if","locations":[{"start":{"line":147,"column":8},"end":{"line":147,"column":8}},{"start":{"line":147,"column":8},"end":{"line":147,"column":8}}]},"12":{"line":148,"type":"if","locations":[{"start":{"line":148,"column":8},"end":{"line":148,"column":8}},{"start":{"line":148,"column":8},"end":{"line":148,"column":8}}]},"13":{"line":169,"type":"if","locations":[{"start":{"line":169,"column":8},"end":{"line":169,"column":8}},{"start":{"line":169,"column":8},"end":{"line":169,"column":8}}]},"14":{"line":174,"type":"if","locations":[{"start":{"line":174,"column":8},"end":{"line":174,"column":8}},{"start":{"line":174,"column":8},"end":{"line":174,"column":8}}]},"15":{"line":189,"type":"if","locations":[{"start":{"line":189,"column":8},"end":{"line":189,"column":8}},{"start":{"line":189,"column":8},"end":{"line":189,"column":8}}]},"16":{"line":196,"type":"if","locations":[{"start":{"line":196,"column":8},"end":{"line":196,"column":8}},{"start":{"line":196,"column":8},"end":{"line":196,"column":8}}]}}},
"contracts/ITellor.sol":{"l":{},"path":"/home/nfett/coder/tellor3/contracts/ITellor.sol","s":{},"b":{},"f":{},"fnMap":{},"statementMap":{},"branchMap":{}},
"contracts/Mocks/TellorTest.sol":{"l":{"11":2126,"12":2126,"21":1217,"22":1217,"27":1217,"32":5,"36":4,"40":4},"path":"/home/nfett/coder/tellor3/contracts/Mocks/TellorTest.sol","s":{"1":2126,"2":2126,"3":1217,"4":1217,"5":1217,"6":5,"7":4},"b":{"1":[1217,0]},"f":{"1":2126,"2":1217,"3":5,"4":4,"5":4},"fnMap":{"1":{"name":"theLazyCoon","line":10,"loc":{"start":{"line":10,"column":4},"end":{"line":13,"column":4}}},"2":{"name":"testSubmitMiningSolution","line":16,"loc":{"start":{"line":16,"column":4},"end":{"line":28,"column":4}}},"3":{"name":"manuallySetDifficulty","line":31,"loc":{"start":{"line":31,"column":4},"end":{"line":33,"column":4}}},"4":{"name":"bumpVersion","line":35,"loc":{"start":{"line":35,"column":4},"end":{"line":37,"column":4}}},"5":{"name":"verify","line":39,"loc":{"start":{"line":39,"column":4},"end":{"line":41,"column":4}}}},"statementMap":{"1":{"start":{"line":11,"column":8},"end":{"line":11,"column":38}},"2":{"start":{"line":12,"column":8},"end":{"line":12,"column":69}},"3":{"start":{"line":21,"column":8},"end":{"line":21,"column":66}},"4":{"start":{"line":22,"column":8},"end":{"line":22,"column":752}},"5":{"start":{"line":27,"column":8},"end":{"line":27,"column":56}},"6":{"start":{"line":32,"column":8},"end":{"line":32,"column":33}},"7":{"start":{"line":40,"column":8},"end":{"line":40,"column":22}}},"branchMap":{"1":{"line":22,"type":"if","locations":[{"start":{"line":22,"column":8},"end":{"line":22,"column":8}},{"start":{"line":22,"column":8},"end":{"line":22,"column":8}}]}}},
"contracts/Mocks/UtilitiesTest.sol":{"l":{"23":26},"path":"/home/nfett/coder/tellor3/contracts/Mocks/UtilitiesTest.sol","s":{"1":26},"b":{},"f":{"1":26},"fnMap":{"1":{"name":"testgetMax5","line":18,"loc":{"start":{"line":18,"column":4},"end":{"line":24,"column":4}}}},"statementMap":{"1":{"start":{"line":23,"column":8},"end":{"line":23,"column":42}}},"branchMap":{}},
"contracts/SafeMath.sol":{"l":{"11":2117,"12":2117,"13":2117,"17":29,"18":29,"19":29,"21":0,"22":0,"27":1390,"31":243,"35":1633,"39":0,"40":0,"41":0,"45":0,"46":0,"50":10,"51":10,"52":10,"54":0,"55":0},"path":"/home/nfett/coder/tellor3/contracts/SafeMath.sol","s":{"1":2117,"2":2117,"3":2117,"4":29,"5":29,"6":29,"7":0,"8":0,"9":1390,"10":243,"11":1633,"12":0,"13":0,"14":0,"15":0,"16":0,"17":10,"18":10,"19":10,"20":0,"21":0},"b":{"1":[29,0],"2":[10,0]},"f":{"1":2117,"2":29,"3":1390,"4":243,"5":1633,"6":0,"7":0,"8":10},"fnMap":{"1":{"name":"add","line":10,"loc":{"start":{"line":10,"column":4},"end":{"line":14,"column":4}}},"2":{"name":"add","line":16,"loc":{"start":{"line":16,"column":4},"end":{"line":24,"column":4}}},"3":{"name":"max","line":26,"loc":{"start":{"line":26,"column":4},"end":{"line":28,"column":4}}},"4":{"name":"max","line":30,"loc":{"start":{"line":30,"column":4},"end":{"line":32,"column":4}}},"5":{"name":"min","line":34,"loc":{"start":{"line":34,"column":4},"end":{"line":36,"column":4}}},"6":{"name":"mul","line":38,"loc":{"start":{"line":38,"column":4},"end":{"line":42,"column":4}}},"7":{"name":"sub","line":44,"loc":{"start":{"line":44,"column":4},"end":{"line":47,"column":4}}},"8":{"name":"sub","line":49,"loc":{"start":{"line":49,"column":4},"end":{"line":57,"column":4}}}},"statementMap":{"1":{"start":{"line":11,"column":8},"end":{"line":11,"column":25}},"2":{"start":{"line":12,"column":8},"end":{"line":12,"column":21}},"3":{"start":{"line":13,"column":8},"end":{"line":13,"column":16}},"4":{"start":{"line":17,"column":8},"end":{"line":17,"column":466}},"5":{"start":{"line":18,"column":12},"end":{"line":18,"column":20}},"6":{"start":{"line":19,"column":12},"end":{"line":19,"column":25}},"7":{"start":{"line":21,"column":12},"end":{"line":21,"column":20}},"8":{"start":{"line":22,"column":12},"end":{"line":22,"column":25}},"9":{"start":{"line":27,"column":8},"end":{"line":27,"column":28}},"10":{"start":{"line":31,"column":8},"end":{"line":31,"column":46}},"11":{"start":{"line":35,"column":8},"end":{"line":35,"column":28}},"12":{"start":{"line":39,"column":8},"end":{"line":39,"column":25}},"13":{"start":{"line":40,"column":8},"end":{"line":40,"column":35}},"14":{"start":{"line":41,"column":8},"end":{"line":41,"column":16}},"15":{"start":{"line":45,"column":8},"end":{"line":45,"column":21}},"16":{"start":{"line":46,"column":8},"end":{"line":46,"column":20}},"17":{"start":{"line":50,"column":8},"end":{"line":50,"column":1330}},"18":{"start":{"line":51,"column":12},"end":{"line":51,"column":20}},"19":{"start":{"line":52,"column":12},"end":{"line":52,"column":25}},"20":{"start":{"line":54,"column":12},"end":{"line":54,"column":20}},"21":{"start":{"line":55,"column":12},"end":{"line":55,"column":25}}},"branchMap":{"1":{"line":17,"type":"if","locations":[{"start":{"line":17,"column":8},"end":{"line":17,"column":8}},{"start":{"line":17,"column":8},"end":{"line":17,"column":8}}]},"2":{"line":50,"type":"if","locations":[{"start":{"line":50,"column":8},"end":{"line":50,"column":8}},{"start":{"line":50,"column":8},"end":{"line":50,"column":8}}]}}},
"contracts/Tellor.sol":{"l":{"59":2121,"60":2121,"61":2121,"62":2121,"63":1976,"65":145,"67":2117,"69":2117,"70":2117,"83":78,"84":78,"92":50,"107":19,"108":17,"122":3,"123":3,"128":3,"129":2,"131":1,"132":1,"145":243,"146":243,"147":243,"148":243,"149":243,"150":11,"152":243,"165":57,"166":57,"167":57,"168":2793,"169":153,"170":153,"185":241,"186":241,"187":241,"188":241,"189":1205,"190":757,"192":448,"203":50,"204":42,"205":40,"221":17,"222":9,"223":9,"236":241,"237":241,"238":241,"239":241,"240":241,"242":241,"243":241,"244":241,"245":1205,"246":4820,"247":4820,"248":4820,"249":4820,"250":24,"253":24,"256":24,"258":4820,"259":14,"260":14,"263":1205,"265":1205,"266":1205,"267":1205,"268":1205,"270":1205,"272":1205,"273":1205,"274":1205,"275":1205,"276":1205,"278":241,"286":241,"287":241,"292":241,"293":241,"294":241,"295":241,"296":1205,"297":1205,"300":1205,"305":241,"308":241,"309":241,"327":241,"328":241,"329":241,"330":241,"331":241,"332":241,"333":241,"334":241,"335":241,"336":241,"337":241,"354":1218,"355":1218,"359":1216,"363":1216,"367":1216,"371":1216,"375":1216,"379":1216,"380":1216,"381":1216,"383":1216,"388":1214,"390":1214,"392":1214,"393":1214,"394":1214,"395":1214,"396":1214,"397":1214,"398":1214,"399":1214,"400":1214,"401":1214,"402":1214,"403":243,"405":1214,"413":1214,"415":241,"416":241,"418":973,"428":2117,"429":2117,"432":2117,"439":215,"443":1902,"444":57,"445":57,"446":57,"450":57,"451":43,"452":43,"454":43,"455":43,"459":1845,"472":2,"503":2030,"504":2030,"505":2030},"path":"/home/nfett/coder/tellor3/contracts/Tellor.sol","s":{"1":2121,"2":2121,"3":2121,"4":2121,"5":1976,"6":145,"7":2117,"8":2117,"9":2117,"10":78,"11":78,"12":50,"13":19,"14":17,"15":3,"16":3,"17":3,"18":2,"19":1,"20":1,"21":243,"22":243,"23":243,"24":243,"25":243,"26":11,"27":243,"28":57,"29":57,"30":57,"31":2793,"32":153,"33":153,"34":241,"35":241,"36":241,"37":241,"38":1205,"39":757,"40":448,"41":50,"42":42,"43":40,"44":17,"45":15,"46":9,"47":9,"48":241,"49":241,"50":241,"51":241,"52":241,"53":241,"54":241,"55":241,"56":1205,"57":4820,"58":4820,"59":4820,"60":4820,"61":24,"62":24,"63":4820,"64":14,"65":14,"66":1205,"67":1205,"68":1205,"69":1205,"70":1205,"71":1205,"72":1205,"73":1205,"74":1205,"75":241,"76":241,"77":241,"78":241,"79":241,"80":241,"81":1205,"82":1205,"83":1205,"84":241,"85":241,"86":241,"87":241,"88":241,"89":241,"90":241,"91":241,"92":241,"93":241,"94":241,"95":241,"96":241,"97":241,"98":1218,"99":1218,"100":1216,"101":1216,"102":1216,"103":1216,"104":1216,"105":1216,"106":1216,"107":1216,"108":1216,"109":1214,"110":1214,"111":1214,"112":1214,"113":1214,"114":1214,"115":1214,"116":1214,"117":1214,"118":1214,"119":1214,"120":1214,"121":1214,"122":243,"123":1214,"124":1214,"125":241,"126":241,"127":2117,"128":2117,"129":2117,"130":215,"131":1902,"132":57,"133":57,"134":57,"135":57,"136":43,"137":43,"138":43,"139":43,"140":1845,"141":2,"142":2030,"143":2030},"b":{"1":[2121,0],"2":[2121,0],"3":[1976,145],"4":[141,4],"5":[78,0],"6":[17,2],"7":[3,0],"8":[2,1],"9":[11,232],"10":[153,2640],"11":[757,448],"12":[42,8],"13":[15,2],"14":[7,8],"15":[14,4806],"16":[1216,2],"17":[1216,0],"18":[1216,0],"19":[1216,0],"20":[1216,0],"21":[1216,0],"22":[1214,2],"23":[243,971],"24":[241,973],"25":[215,1902],"26":[57,1845],"27":[43,14],"28":[0,2]},"f":{"1":2121,"2":78,"3":50,"4":19,"5":3,"6":243,"7":57,"8":241,"9":50,"10":17,"11":241,"12":241,"13":1218,"14":2117,"15":2,"16":2030},"fnMap":{"1":{"name":"addTip","line":58,"loc":{"start":{"line":58,"column":4},"end":{"line":76,"column":4}}},"2":{"name":"changeExtension","line":82,"loc":{"start":{"line":82,"column":4},"end":{"line":85,"column":4}}},"3":{"name":"migrate","line":91,"loc":{"start":{"line":91,"column":4},"end":{"line":93,"column":4}}},"4":{"name":"migrateFor","line":102,"loc":{"start":{"line":102,"column":4},"end":{"line":109,"column":4}}},"5":{"name":"submitMiningSolution","line":117,"loc":{"start":{"line":117,"column":4},"end":{"line":133,"column":4}}},"6":{"name":"_adjustDifficulty","line":141,"loc":{"start":{"line":141,"column":4},"end":{"line":153,"column":4}}},"7":{"name":"_getMin","line":160,"loc":{"start":{"line":160,"column":4},"end":{"line":173,"column":4}}},"8":{"name":"_getTopRequestIDs","line":180,"loc":{"start":{"line":180,"column":4},"end":{"line":195,"column":4}}},"9":{"name":"_migrate","line":202,"loc":{"start":{"line":202,"column":4},"end":{"line":206,"column":4}}},"10":{"name":"_migrateFor","line":216,"loc":{"start":{"line":216,"column":4},"end":{"line":224,"column":4}}},"11":{"name":"_newBlock","line":233,"loc":{"start":{"line":233,"column":4},"end":{"line":315,"column":4}}},"12":{"name":"_payReward","line":323,"loc":{"start":{"line":323,"column":4},"end":{"line":338,"column":4}}},"13":{"name":"_submitMiningSolution","line":348,"loc":{"start":{"line":348,"column":4},"end":{"line":420,"column":4}}},"14":{"name":"_updateOnDeck","line":427,"loc":{"start":{"line":427,"column":4},"end":{"line":462,"column":4}}},"15":{"name":"_verifyNonce","line":471,"loc":{"start":{"line":471,"column":4},"end":{"line":495,"column":4}}},"16":{"name":null,"line":502,"loc":{"start":{"line":502,"column":4},"end":{"line":517,"column":4}}}},"statementMap":{"1":{"start":{"line":59,"column":8},"end":{"line":59,"column":49}},"2":{"start":{"line":60,"column":8},"end":{"line":60,"column":57}},"3":{"start":{"line":61,"column":8},"end":{"line":61,"column":50}},"4":{"start":{"line":62,"column":8},"end":{"line":62,"column":1992}},"5":{"start":{"line":63,"column":12},"end":{"line":63,"column":41}},"6":{"start":{"line":65,"column":12},"end":{"line":65,"column":75}},"7":{"start":{"line":67,"column":8},"end":{"line":67,"column":32}},"8":{"start":{"line":69,"column":8},"end":{"line":69,"column":38}},"9":{"start":{"line":70,"column":8},"end":{"line":70,"column":2356}},"10":{"start":{"line":83,"column":8},"end":{"line":83,"column":84}},"11":{"start":{"line":84,"column":8},"end":{"line":84,"column":41}},"12":{"start":{"line":92,"column":8},"end":{"line":92,"column":27}},"13":{"start":{"line":107,"column":8},"end":{"line":107,"column":62}},"14":{"start":{"line":108,"column":8},"end":{"line":108,"column":50}},"15":{"start":{"line":122,"column":8},"end":{"line":122,"column":66}},"16":{"start":{"line":123,"column":8},"end":{"line":123,"column":4201}},"17":{"start":{"line":128,"column":8},"end":{"line":128,"column":4398}},"18":{"start":{"line":129,"column":12},"end":{"line":129,"column":31}},"19":{"start":{"line":131,"column":8},"end":{"line":131,"column":46}},"20":{"start":{"line":132,"column":8},"end":{"line":132,"column":58}},"21":{"start":{"line":145,"column":8},"end":{"line":145,"column":75}},"22":{"start":{"line":146,"column":8},"end":{"line":146,"column":61}},"23":{"start":{"line":147,"column":8},"end":{"line":147,"column":49}},"24":{"start":{"line":148,"column":8},"end":{"line":148,"column":73}},"25":{"start":{"line":149,"column":8},"end":{"line":149,"column":5481}},"26":{"start":{"line":150,"column":12},"end":{"line":150,"column":22}},"27":{"start":{"line":152,"column":8},"end":{"line":152,"column":69}},"28":{"start":{"line":165,"column":8},"end":{"line":165,"column":34}},"29":{"start":{"line":166,"column":8},"end":{"line":166,"column":28}},"30":{"start":{"line":167,"column":8},"end":{"line":167,"column":6055}},"31":{"start":{"line":168,"column":12},"end":{"line":168,"column":6120}},"32":{"start":{"line":169,"column":16},"end":{"line":169,"column":29}},"33":{"start":{"line":170,"column":16},"end":{"line":170,"column":27}},"34":{"start":{"line":185,"column":8},"end":{"line":185,"column":30}},"35":{"start":{"line":186,"column":8},"end":{"line":186,"column":32}},"36":{"start":{"line":187,"column":8},"end":{"line":187,"column":42}},"37":{"start":{"line":188,"column":8},"end":{"line":188,"column":6710}},"38":{"start":{"line":189,"column":12},"end":{"line":189,"column":6760}},"39":{"start":{"line":190,"column":16},"end":{"line":190,"column":67}},"40":{"start":{"line":192,"column":16},"end":{"line":192,"column":58}},"41":{"start":{"line":203,"column":8},"end":{"line":203,"column":52}},"42":{"start":{"line":204,"column":8},"end":{"line":204,"column":71}},"43":{"start":{"line":205,"column":8},"end":{"line":205,"column":29}},"44":{"start":{"line":221,"column":8},"end":{"line":221,"column":74}},"45":{"start":{"line":221,"column":22},"end":{"line":221,"column":73}},"46":{"start":{"line":222,"column":8},"end":{"line":222,"column":37}},"47":{"start":{"line":223,"column":8},"end":{"line":223,"column":36}},"48":{"start":{"line":236,"column":8},"end":{"line":236,"column":65}},"49":{"start":{"line":237,"column":8},"end":{"line":237,"column":62}},"50":{"start":{"line":238,"column":8},"end":{"line":238,"column":62}},"51":{"start":{"line":239,"column":8},"end":{"line":239,"column":56}},"52":{"start":{"line":240,"column":8},"end":{"line":240,"column":62}},"53":{"start":{"line":242,"column":8},"end":{"line":242,"column":27}},"54":{"start":{"line":243,"column":8},"end":{"line":243,"column":27}},"55":{"start":{"line":244,"column":8},"end":{"line":244,"column":9094}},"56":{"start":{"line":245,"column":12},"end":{"line":245,"column":9144}},"57":{"start":{"line":246,"column":16},"end":{"line":246,"column":62}},"58":{"start":{"line":247,"column":16},"end":{"line":247,"column":59}},"59":{"start":{"line":248,"column":16},"end":{"line":248,"column":29}},"60":{"start":{"line":249,"column":16},"end":{"line":249,"column":9354}},"61":{"start":{"line":250,"column":20},"end":{"line":250,"column":9447}},"62":{"start":{"line":253,"column":20},"end":{"line":253,"column":9577}},"63":{"start":{"line":258,"column":16},"end":{"line":258,"column":9741}},"64":{"start":{"line":259,"column":20},"end":{"line":259,"column":57}},"65":{"start":{"line":260,"column":20},"end":{"line":260,"column":54}},"66":{"start":{"line":263,"column":12},"end":{"line":263,"column":69}},"67":{"start":{"line":265,"column":12},"end":{"line":265,"column":43}},"68":{"start":{"line":266,"column":12},"end":{"line":266,"column":62}},"69":{"start":{"line":267,"column":12},"end":{"line":267,"column":22}},"70":{"start":{"line":268,"column":12},"end":{"line":268,"column":10265}},"71":{"start":{"line":270,"column":12},"end":{"line":270,"column":10373}},"72":{"start":{"line":274,"column":12},"end":{"line":274,"column":66}},"73":{"start":{"line":275,"column":12},"end":{"line":275,"column":72}},"74":{"start":{"line":276,"column":12},"end":{"line":276,"column":47}},"75":{"start":{"line":278,"column":8},"end":{"line":278,"column":10752}},"76":{"start":{"line":286,"column":8},"end":{"line":286,"column":54}},"77":{"start":{"line":287,"column":8},"end":{"line":287,"column":11052}},"78":{"start":{"line":292,"column":8},"end":{"line":292,"column":40}},"79":{"start":{"line":294,"column":8},"end":{"line":294,"column":54}},"80":{"start":{"line":295,"column":8},"end":{"line":295,"column":11349}},"81":{"start":{"line":296,"column":12},"end":{"line":296,"column":45}},"82":{"start":{"line":297,"column":12},"end":{"line":297,"column":11451}},"83":{"start":{"line":300,"column":12},"end":{"line":300,"column":11563}},"84":{"start":{"line":305,"column":8},"end":{"line":305,"column":11724}},"85":{"start":{"line":308,"column":8},"end":{"line":308,"column":53}},"86":{"start":{"line":309,"column":8},"end":{"line":309,"column":11932}},"87":{"start":{"line":327,"column":8},"end":{"line":327,"column":59}},"88":{"start":{"line":328,"column":8},"end":{"line":328,"column":67}},"89":{"start":{"line":329,"column":8},"end":{"line":329,"column":54}},"90":{"start":{"line":330,"column":8},"end":{"line":330,"column":38}},"91":{"start":{"line":331,"column":8},"end":{"line":331,"column":40}},"92":{"start":{"line":332,"column":8},"end":{"line":332,"column":40}},"93":{"start":{"line":333,"column":8},"end":{"line":333,"column":40}},"94":{"start":{"line":334,"column":8},"end":{"line":334,"column":40}},"95":{"start":{"line":335,"column":8},"end":{"line":335,"column":40}},"96":{"start":{"line":336,"column":8},"end":{"line":336,"column":44}},"97":{"start":{"line":337,"column":8},"end":{"line":337,"column":37}},"98":{"start":{"line":354,"column":8},"end":{"line":354,"column":66}},"99":{"start":{"line":355,"column":8},"end":{"line":355,"column":13775}},"100":{"start":{"line":359,"column":8},"end":{"line":359,"column":13902}},"101":{"start":{"line":363,"column":8},"end":{"line":363,"column":14018}},"102":{"start":{"line":367,"column":8},"end":{"line":367,"column":14134}},"103":{"start":{"line":371,"column":8},"end":{"line":371,"column":14250}},"104":{"start":{"line":375,"column":8},"end":{"line":375,"column":14366}},"105":{"start":{"line":379,"column":8},"end":{"line":379,"column":46}},"106":{"start":{"line":380,"column":8},"end":{"line":380,"column":62}},"107":{"start":{"line":381,"column":8},"end":{"line":381,"column":46}},"108":{"start":{"line":383,"column":8},"end":{"line":383,"column":14688}},"109":{"start":{"line":388,"column":8},"end":{"line":388,"column":59}},"110":{"start":{"line":390,"column":8},"end":{"line":390,"column":65}},"111":{"start":{"line":392,"column":8},"end":{"line":392,"column":56}},"112":{"start":{"line":393,"column":8},"end":{"line":393,"column":56}},"113":{"start":{"line":394,"column":8},"end":{"line":394,"column":56}},"114":{"start":{"line":395,"column":8},"end":{"line":395,"column":56}},"115":{"start":{"line":396,"column":8},"end":{"line":396,"column":56}},"116":{"start":{"line":397,"column":8},"end":{"line":397,"column":52}},"117":{"start":{"line":398,"column":8},"end":{"line":398,"column":52}},"118":{"start":{"line":399,"column":8},"end":{"line":399,"column":52}},"119":{"start":{"line":400,"column":8},"end":{"line":400,"column":52}},"120":{"start":{"line":401,"column":8},"end":{"line":401,"column":52}},"121":{"start":{"line":402,"column":8},"end":{"line":402,"column":15723}},"122":{"start":{"line":403,"column":12},"end":{"line":403,"column":30}},"123":{"start":{"line":405,"column":8},"end":{"line":405,"column":15798}},"124":{"start":{"line":413,"column":8},"end":{"line":413,"column":15974}},"125":{"start":{"line":415,"column":12},"end":{"line":415,"column":41}},"126":{"start":{"line":416,"column":12},"end":{"line":416,"column":36}},"127":{"start":{"line":428,"column":8},"end":{"line":428,"column":61}},"128":{"start":{"line":429,"column":8},"end":{"line":429,"column":16553}},"129":{"start":{"line":432,"column":8},"end":{"line":432,"column":16662}},"130":{"start":{"line":439,"column":12},"end":{"line":439,"column":45}},"131":{"start":{"line":443,"column":12},"end":{"line":443,"column":17212}},"132":{"start":{"line":444,"column":16},"end":{"line":444,"column":28}},"133":{"start":{"line":445,"column":16},"end":{"line":445,"column":30}},"134":{"start":{"line":446,"column":16},"end":{"line":446,"column":49}},"135":{"start":{"line":450,"column":16},"end":{"line":450,"column":17690}},"136":{"start":{"line":451,"column":20},"end":{"line":451,"column":70}},"137":{"start":{"line":452,"column":20},"end":{"line":452,"column":17887}},"138":{"start":{"line":454,"column":20},"end":{"line":454,"column":64}},"139":{"start":{"line":455,"column":20},"end":{"line":455,"column":69}},"140":{"start":{"line":459,"column":16},"end":{"line":459,"column":74}},"141":{"start":{"line":472,"column":8},"end":{"line":472,"column":18749}},"142":{"start":{"line":503,"column":8},"end":{"line":503,"column":44}},"143":{"start":{"line":504,"column":8},"end":{"line":504,"column":54}}},"branchMap":{"1":{"line":59,"type":"if","locations":[{"start":{"line":59,"column":8},"end":{"line":59,"column":8}},{"start":{"line":59,"column":8},"end":{"line":59,"column":8}}]},"2":{"line":60,"type":"if","locations":[{"start":{"line":60,"column":8},"end":{"line":60,"column":8}},{"start":{"line":60,"column":8},"end":{"line":60,"column":8}}]},"3":{"line":62,"type":"if","locations":[{"start":{"line":62,"column":8},"end":{"line":62,"column":8}},{"start":{"line":62,"column":8},"end":{"line":62,"column":8}}]},"4":{"line":65,"type":"if","locations":[{"start":{"line":65,"column":12},"end":{"line":65,"column":12}},{"start":{"line":65,"column":12},"end":{"line":65,"column":12}}]},"5":{"line":83,"type":"if","locations":[{"start":{"line":83,"column":8},"end":{"line":83,"column":8}},{"start":{"line":83,"column":8},"end":{"line":83,"column":8}}]},"6":{"line":107,"type":"if","locations":[{"start":{"line":107,"column":8},"end":{"line":107,"column":8}},{"start":{"line":107,"column":8},"end":{"line":107,"column":8}}]},"7":{"line":123,"type":"if","locations":[{"start":{"line":123,"column":8},"end":{"line":123,"column":8}},{"start":{"line":123,"column":8},"end":{"line":123,"column":8}}]},"8":{"line":128,"type":"if","locations":[{"start":{"line":128,"column":8},"end":{"line":128,"column":8}},{"start":{"line":128,"column":8},"end":{"line":128,"column":8}}]},"9":{"line":149,"type":"if","locations":[{"start":{"line":149,"column":8},"end":{"line":149,"column":8}},{"start":{"line":149,"column":8},"end":{"line":149,"column":8}}]},"10":{"line":168,"type":"if","locations":[{"start":{"line":168,"column":12},"end":{"line":168,"column":12}},{"start":{"line":168,"column":12},"end":{"line":168,"column":12}}]},"11":{"line":189,"type":"if","locations":[{"start":{"line":189,"column":12},"end":{"line":189,"column":12}},{"start":{"line":189,"column":12},"end":{"line":189,"column":12}}]},"12":{"line":203,"type":"if","locations":[{"start":{"line":203,"column":8},"end":{"line":203,"column":8}},{"start":{"line":203,"column":8},"end":{"line":203,"column":8}}]},"13":{"line":221,"type":"if","locations":[{"start":{"line":221,"column":8},"end":{"line":221,"column":8}},{"start":{"line":221,"column":8},"end":{"line":221,"column":8}}]},"14":{"line":221,"type":"if","locations":[{"start":{"line":221,"column":22},"end":{"line":221,"column":22}},{"start":{"line":221,"column":22},"end":{"line":221,"column":22}}]},"15":{"line":258,"type":"if","locations":[{"start":{"line":258,"column":16},"end":{"line":258,"column":16}},{"start":{"line":258,"column":16},"end":{"line":258,"column":16}}]},"16":{"line":355,"type":"if","locations":[{"start":{"line":355,"column":8},"end":{"line":355,"column":8}},{"start":{"line":355,"column":8},"end":{"line":355,"column":8}}]},"17":{"line":359,"type":"if","locations":[{"start":{"line":359,"column":8},"end":{"line":359,"column":8}},{"start":{"line":359,"column":8},"end":{"line":359,"column":8}}]},"18":{"line":363,"type":"if","locations":[{"start":{"line":363,"column":8},"end":{"line":363,"column":8}},{"start":{"line":363,"column":8},"end":{"line":363,"column":8}}]},"19":{"line":367,"type":"if","locations":[{"start":{"line":367,"column":8},"end":{"line":367,"column":8}},{"start":{"line":367,"column":8},"end":{"line":367,"column":8}}]},"20":{"line":371,"type":"if","locations":[{"start":{"line":371,"column":8},"end":{"line":371,"column":8}},{"start":{"line":371,"column":8},"end":{"line":371,"column":8}}]},"21":{"line":375,"type":"if","locations":[{"start":{"line":375,"column":8},"end":{"line":375,"column":8}},{"start":{"line":375,"column":8},"end":{"line":375,"column":8}}]},"22":{"line":383,"type":"if","locations":[{"start":{"line":383,"column":8},"end":{"line":383,"column":8}},{"start":{"line":383,"column":8},"end":{"line":383,"column":8}}]},"23":{"line":402,"type":"if","locations":[{"start":{"line":402,"column":8},"end":{"line":402,"column":8}},{"start":{"line":402,"column":8},"end":{"line":402,"column":8}}]},"24":{"line":413,"type":"if","locations":[{"start":{"line":413,"column":8},"end":{"line":413,"column":8}},{"start":{"line":413,"column":8},"end":{"line":413,"column":8}}]},"25":{"line":432,"type":"if","locations":[{"start":{"line":432,"column":8},"end":{"line":432,"column":8}},{"start":{"line":432,"column":8},"end":{"line":432,"column":8}}]},"26":{"line":443,"type":"if","locations":[{"start":{"line":443,"column":12},"end":{"line":443,"column":12}},{"start":{"line":443,"column":12},"end":{"line":443,"column":12}}]},"27":{"line":450,"type":"if","locations":[{"start":{"line":450,"column":16},"end":{"line":450,"column":16}},{"start":{"line":450,"column":16},"end":{"line":450,"column":16}}]},"28":{"line":472,"type":"if","locations":[{"start":{"line":472,"column":8},"end":{"line":472,"column":8}},{"start":{"line":472,"column":8},"end":{"line":472,"column":8}}]}}},
"contracts/TellorGetters.sol":{"l":{"27":1,"41":6,"53":10,"92":36,"93":36,"126":0,"142":0,"151":0,"170":1,"171":1,"172":1,"182":0,"197":5,"210":6,"225":30,"238":3,"239":3,"252":0,"260":1,"277":1,"291":66,"292":66,"309":73,"326":5,"340":30,"351":43,"365":0,"379":3,"387":6,"394":1,"401":1,"408":1,"425":270,"426":1350,"428":270,"444":9,"445":9,"446":45,"460":10,"461":10,"462":10,"463":10,"464":50,"465":46,"467":4},"path":"/home/nfett/coder/tellor3/contracts/TellorGetters.sol","s":{"1":1,"2":6,"3":10,"4":36,"5":36,"6":0,"7":0,"8":0,"9":1,"10":1,"11":1,"12":0,"13":5,"14":6,"15":30,"16":3,"17":3,"18":0,"19":1,"20":1,"21":66,"22":66,"23":73,"24":5,"25":30,"26":43,"27":0,"28":3,"29":6,"30":1,"31":1,"32":1,"33":270,"34":1350,"35":270,"36":9,"37":9,"38":45,"39":10,"40":10,"41":10,"42":10,"43":50,"44":46,"45":4},"b":{"1":[1,0],"2":[3,0],"3":[46,4]},"f":{"1":1,"2":6,"3":10,"4":36,"5":0,"6":0,"7":0,"8":1,"9":5,"10":6,"11":30,"12":3,"13":0,"14":1,"15":1,"16":66,"17":73,"18":5,"19":30,"20":43,"21":0,"22":3,"23":6,"24":1,"25":1,"26":1,"27":270,"28":9,"29":10},"fnMap":{"1":{"name":"didMine","line":22,"loc":{"start":{"line":22,"column":4},"end":{"line":28,"column":4}}},"2":{"name":"didVote","line":36,"loc":{"start":{"line":36,"column":4},"end":{"line":42,"column":4}}},"3":{"name":"getAddressVars","line":52,"loc":{"start":{"line":52,"column":4},"end":{"line":54,"column":4}}},"4":{"name":"getAllDisputeVars","line":77,"loc":{"start":{"line":77,"column":4},"end":{"line":114,"column":4}}},"5":{"name":"getDisputeIdByDisputeHash","line":121,"loc":{"start":{"line":121,"column":4},"end":{"line":127,"column":4}}},"6":{"name":"getDisputeUintVars","line":137,"loc":{"start":{"line":137,"column":4},"end":{"line":143,"column":4}}},"7":{"name":"getLastNewValue","line":150,"loc":{"start":{"line":150,"column":4},"end":{"line":158,"column":4}}},"8":{"name":"getLastNewValueById","line":165,"loc":{"start":{"line":165,"column":4},"end":{"line":184,"column":4}}},"9":{"name":"getMinedBlockNum","line":192,"loc":{"start":{"line":192,"column":4},"end":{"line":198,"column":4}}},"10":{"name":"getMinersByRequestIdAndTimestamp","line":206,"loc":{"start":{"line":206,"column":4},"end":{"line":211,"column":4}}},"11":{"name":"getNewValueCountbyRequestId","line":220,"loc":{"start":{"line":220,"column":4},"end":{"line":226,"column":4}}},"12":{"name":"getRequestIdByRequestQIndex","line":233,"loc":{"start":{"line":233,"column":4},"end":{"line":240,"column":4}}},"13":{"name":"getRequestIdByTimestamp","line":247,"loc":{"start":{"line":247,"column":4},"end":{"line":253,"column":4}}},"14":{"name":"getRequestQ","line":259,"loc":{"start":{"line":259,"column":4},"end":{"line":261,"column":4}}},"15":{"name":"getRequestUintVars","line":272,"loc":{"start":{"line":272,"column":4},"end":{"line":278,"column":4}}},"16":{"name":"getRequestVars","line":286,"loc":{"start":{"line":286,"column":4},"end":{"line":296,"column":4}}},"17":{"name":"getStakerInfo","line":304,"loc":{"start":{"line":304,"column":4},"end":{"line":313,"column":4}}},"18":{"name":"getSubmissionsByTimestamp","line":321,"loc":{"start":{"line":321,"column":4},"end":{"line":327,"column":4}}},"19":{"name":"getTimestampbyRequestIDandIndex","line":335,"loc":{"start":{"line":335,"column":4},"end":{"line":341,"column":4}}},"20":{"name":"getUintVar","line":350,"loc":{"start":{"line":350,"column":4},"end":{"line":352,"column":4}}},"21":{"name":"isInDispute","line":360,"loc":{"start":{"line":360,"column":4},"end":{"line":366,"column":4}}},"22":{"name":"retrieveData","line":374,"loc":{"start":{"line":374,"column":4},"end":{"line":380,"column":4}}},"23":{"name":"totalSupply","line":386,"loc":{"start":{"line":386,"column":4},"end":{"line":388,"column":4}}},"24":{"name":"name","line":393,"loc":{"start":{"line":393,"column":4},"end":{"line":395,"column":4}}},"25":{"name":"symbol","line":400,"loc":{"start":{"line":400,"column":4},"end":{"line":402,"column":4}}},"26":{"name":"decimals","line":407,"loc":{"start":{"line":407,"column":4},"end":{"line":409,"column":4}}},"27":{"name":"getNewCurrentVariables","line":415,"loc":{"start":{"line":415,"column":4},"end":{"line":434,"column":4}}},"28":{"name":"getNewVariablesOnDeck","line":439,"loc":{"start":{"line":439,"column":4},"end":{"line":450,"column":4}}},"29":{"name":"getTopRequestIDs","line":455,"loc":{"start":{"line":455,"column":4},"end":{"line":470,"column":4}}}},"statementMap":{"1":{"start":{"line":27,"column":8},"end":{"line":27,"column":52}},"2":{"start":{"line":41,"column":8},"end":{"line":41,"column":55}},"3":{"start":{"line":53,"column":8},"end":{"line":53,"column":31}},"4":{"start":{"line":92,"column":8},"end":{"line":92,"column":55}},"5":{"start":{"line":93,"column":8},"end":{"line":93,"column":2854}},"6":{"start":{"line":126,"column":8},"end":{"line":126,"column":44}},"7":{"start":{"line":142,"column":8},"end":{"line":142,"column":62}},"8":{"start":{"line":151,"column":8},"end":{"line":151,"column":5026}},"9":{"start":{"line":170,"column":8},"end":{"line":170,"column":61}},"10":{"start":{"line":171,"column":8},"end":{"line":171,"column":5680}},"11":{"start":{"line":172,"column":12},"end":{"line":172,"column":5744}},"12":{"start":{"line":182,"column":12},"end":{"line":182,"column":29}},"13":{"start":{"line":197,"column":8},"end":{"line":197,"column":67}},"14":{"start":{"line":210,"column":8},"end":{"line":210,"column":67}},"15":{"start":{"line":225,"column":8},"end":{"line":225,"column":66}},"16":{"start":{"line":238,"column":8},"end":{"line":238,"column":58}},"17":{"start":{"line":239,"column":8},"end":{"line":239,"column":47}},"18":{"start":{"line":252,"column":8},"end":{"line":252,"column":47}},"19":{"start":{"line":260,"column":8},"end":{"line":260,"column":23}},"20":{"start":{"line":277,"column":8},"end":{"line":277,"column":60}},"21":{"start":{"line":291,"column":8},"end":{"line":291,"column":61}},"22":{"start":{"line":292,"column":8},"end":{"line":292,"column":9769}},"23":{"start":{"line":309,"column":8},"end":{"line":309,"column":10275}},"24":{"start":{"line":326,"column":8},"end":{"line":326,"column":71}},"25":{"start":{"line":340,"column":8},"end":{"line":340,"column":67}},"26":{"start":{"line":351,"column":8},"end":{"line":351,"column":27}},"27":{"start":{"line":365,"column":8},"end":{"line":365,"column":63}},"28":{"start":{"line":379,"column":8},"end":{"line":379,"column":65}},"29":{"start":{"line":387,"column":8},"end":{"line":387,"column":35}},"30":{"start":{"line":394,"column":8},"end":{"line":394,"column":32}},"31":{"start":{"line":401,"column":8},"end":{"line":401,"column":20}},"32":{"start":{"line":408,"column":8},"end":{"line":408,"column":17}},"33":{"start":{"line":425,"column":8},"end":{"line":425,"column":13953}},"34":{"start":{"line":426,"column":12},"end":{"line":426,"column":50}},"35":{"start":{"line":428,"column":8},"end":{"line":428,"column":14062}},"36":{"start":{"line":444,"column":8},"end":{"line":444,"column":37}},"37":{"start":{"line":445,"column":8},"end":{"line":445,"column":14574}},"38":{"start":{"line":446,"column":12},"end":{"line":446,"column":14625}},"39":{"start":{"line":460,"column":8},"end":{"line":460,"column":30}},"40":{"start":{"line":461,"column":8},"end":{"line":461,"column":32}},"41":{"start":{"line":462,"column":8},"end":{"line":462,"column":42}},"42":{"start":{"line":463,"column":8},"end":{"line":463,"column":15141}},"43":{"start":{"line":464,"column":12},"end":{"line":464,"column":15192}},"44":{"start":{"line":465,"column":16},"end":{"line":465,"column":67}},"45":{"start":{"line":467,"column":16},"end":{"line":467,"column":58}}},"branchMap":{"1":{"line":171,"type":"if","locations":[{"start":{"line":171,"column":8},"end":{"line":171,"column":8}},{"start":{"line":171,"column":8},"end":{"line":171,"column":8}}]},"2":{"line":238,"type":"if","locations":[{"start":{"line":238,"column":8},"end":{"line":238,"column":8}},{"start":{"line":238,"column":8},"end":{"line":238,"column":8}}]},"3":{"line":464,"type":"if","locations":[{"start":{"line":464,"column":12},"end":{"line":464,"column":12}},{"start":{"line":464,"column":12},"end":{"line":464,"column":12}}]}}},
"contracts/TellorMaster.sol":{"l":{"18":77,"19":77,"20":77,"21":77,"22":77,"23":77,"24":77,"25":77,"26":77,"27":77,"28":77,"29":77,"31":77,"32":77,"33":77,"34":77,"35":77,"38":77,"39":3850,"40":3850,"41":3850,"44":77,"48":77,"56":1,"57":1,"65":1,"66":1,"74":7,"75":7,"77":7,"88":7840,"124":7840,"125":7840},"path":"/home/nfett/coder/tellor3/contracts/TellorMaster.sol","s":{"1":77,"2":77,"3":77,"4":77,"5":77,"6":77,"7":77,"8":77,"9":77,"10":77,"11":77,"12":77,"13":77,"14":77,"15":77,"16":77,"17":77,"18":77,"19":3850,"20":3850,"21":3850,"22":77,"23":1,"24":1,"25":1,"26":1,"27":7,"28":7,"29":7840,"30":7840},"b":{"1":[1,0],"2":[1,0],"3":[7,0]},"f":{"1":77,"2":1,"3":1,"4":7,"5":7840,"6":7840},"fnMap":{"1":{"name":"constructor","line":17,"loc":{"start":{"line":17,"column":4},"end":{"line":49,"column":4}}},"2":{"name":"changeDeity","line":55,"loc":{"start":{"line":55,"column":4},"end":{"line":58,"column":4}}},"3":{"name":"changeOwner","line":64,"loc":{"start":{"line":64,"column":4},"end":{"line":67,"column":4}}},"4":{"name":"changeTellorContract","line":73,"loc":{"start":{"line":73,"column":4},"end":{"line":80,"column":4}}},"5":{"name":"_delegate","line":86,"loc":{"start":{"line":86,"column":4},"end":{"line":117,"column":4}}},"6":{"name":null,"line":123,"loc":{"start":{"line":123,"column":4},"end":{"line":126,"column":4}}}},"statementMap":{"1":{"start":{"line":18,"column":8},"end":{"line":18,"column":37}},"2":{"start":{"line":19,"column":8},"end":{"line":19,"column":37}},"3":{"start":{"line":20,"column":8},"end":{"line":20,"column":47}},"4":{"start":{"line":21,"column":8},"end":{"line":21,"column":40}},"5":{"start":{"line":22,"column":8},"end":{"line":22,"column":51}},"6":{"start":{"line":23,"column":8},"end":{"line":23,"column":31}},"7":{"start":{"line":24,"column":8},"end":{"line":24,"column":32}},"8":{"start":{"line":25,"column":8},"end":{"line":25,"column":34}},"9":{"start":{"line":26,"column":8},"end":{"line":26,"column":36}},"10":{"start":{"line":27,"column":8},"end":{"line":27,"column":35}},"11":{"start":{"line":28,"column":8},"end":{"line":28,"column":36}},"12":{"start":{"line":29,"column":8},"end":{"line":29,"column":61}},"13":{"start":{"line":31,"column":8},"end":{"line":31,"column":33}},"14":{"start":{"line":32,"column":8},"end":{"line":32,"column":33}},"15":{"start":{"line":33,"column":8},"end":{"line":33,"column":33}},"16":{"start":{"line":34,"column":8},"end":{"line":34,"column":33}},"17":{"start":{"line":35,"column":8},"end":{"line":35,"column":33}},"18":{"start":{"line":38,"column":8},"end":{"line":38,"column":1289}},"19":{"start":{"line":39,"column":12},"end":{"line":39,"column":55}},"20":{"start":{"line":40,"column":12},"end":{"line":40,"column":55}},"21":{"start":{"line":41,"column":12},"end":{"line":41,"column":50}},"22":{"start":{"line":48,"column":8},"end":{"line":48,"column":41}},"23":{"start":{"line":56,"column":8},"end":{"line":56,"column":47}},"24":{"start":{"line":57,"column":8},"end":{"line":57,"column":36}},"25":{"start":{"line":65,"column":8},"end":{"line":65,"column":47}},"26":{"start":{"line":66,"column":8},"end":{"line":66,"column":36}},"27":{"start":{"line":74,"column":8},"end":{"line":74,"column":47}},"28":{"start":{"line":75,"column":8},"end":{"line":75,"column":47}},"29":{"start":{"line":124,"column":8},"end":{"line":124,"column":50}},"30":{"start":{"line":125,"column":8},"end":{"line":125,"column":22}}},"branchMap":{"1":{"line":56,"type":"if","locations":[{"start":{"line":56,"column":8},"end":{"line":56,"column":8}},{"start":{"line":56,"column":8},"end":{"line":56,"column":8}}]},"2":{"line":65,"type":"if","locations":[{"start":{"line":65,"column":8},"end":{"line":65,"column":8}},{"start":{"line":65,"column":8},"end":{"line":65,"column":8}}]},"3":{"line":74,"type":"if","locations":[{"start":{"line":74,"column":8},"end":{"line":74,"column":8}},{"start":{"line":74,"column":8},"end":{"line":74,"column":8}}]}}},
"contracts/TellorStake.sol":{"l":{"52":18,"53":18,"54":18,"58":18,"59":18,"63":18,"64":18,"67":18,"68":18,"69":6,"71":12,"72":12,"73":12,"75":18,"76":18,"77":18,"78":13,"82":13,"86":5,"90":18,"91":18,"92":18,"93":18,"94":18,"95":18,"96":18,"97":18,"100":18,"101":18,"102":18,"104":18,"108":18,"109":18,"110":18,"111":18,"116":18,"117":13,"118":13,"120":18,"121":18,"129":4,"130":4,"131":4,"132":4,"133":4,"134":0,"138":4,"140":4,"141":4,"142":4,"144":4,"145":4,"146":4,"147":4,"149":4,"150":4,"151":4,"161":22,"162":22,"163":22,"171":22,"172":0,"174":22,"175":22,"177":22,"178":22,"179":0,"181":22,"182":22,"183":22,"184":22,"188":12,"189":12,"190":12,"192":11,"195":11,"197":11,"198":11,"199":0,"201":11,"202":7,"203":7,"208":7,"210":11,"211":16,"214":16,"215":0,"217":16,"219":16,"226":1,"227":1,"229":1,"231":1,"234":1,"235":1,"237":1,"238":2,"241":2,"242":2,"244":2,"252":12,"253":8,"263":0,"272":39,"273":39,"274":39,"276":39,"280":39,"283":39,"286":39,"292":39,"295":39,"299":39,"300":29,"302":10,"306":39,"315":22,"316":22,"317":22,"320":22,"321":6,"323":6,"328":6,"329":6,"342":4,"346":4},"path":"/home/nfett/coder/tellor3/contracts/TellorStake.sol","s":{"1":18,"2":18,"3":18,"4":18,"5":18,"6":18,"7":18,"8":18,"9":6,"10":12,"11":12,"12":12,"13":18,"14":18,"15":18,"16":13,"17":13,"18":5,"19":18,"20":18,"21":18,"22":18,"23":18,"24":18,"25":18,"26":18,"27":18,"28":18,"29":18,"30":18,"31":18,"32":18,"33":18,"34":18,"35":18,"36":13,"37":13,"38":18,"39":18,"40":4,"41":4,"42":4,"43":4,"44":0,"45":4,"46":4,"47":4,"48":4,"49":4,"50":4,"51":4,"52":4,"53":4,"54":4,"55":4,"56":22,"57":22,"58":22,"59":22,"60":0,"61":22,"62":22,"63":22,"64":22,"65":0,"66":22,"67":22,"68":22,"69":22,"70":12,"71":12,"72":12,"73":11,"74":11,"75":11,"76":11,"77":0,"78":11,"79":7,"80":7,"81":7,"82":11,"83":16,"84":16,"85":0,"86":16,"87":16,"88":1,"89":1,"90":1,"91":1,"92":1,"93":1,"94":1,"95":2,"96":2,"97":2,"98":2,"99":12,"100":0,"101":39,"102":39,"103":39,"104":39,"105":39,"106":39,"107":39,"108":39,"109":39,"110":39,"111":29,"112":10,"113":39,"114":22,"115":22,"116":22,"117":22,"118":6,"119":6,"120":6,"121":6,"122":4,"123":4},"b":{"1":[18,0],"2":[18,0],"3":[6,12],"4":[12,0],"5":[13,5],"6":[13,5],"7":[0,4],"8":[22,0],"9":[0,22],"10":[0,22],"11":[22,0],"12":[22,0],"13":[12,10],"14":[11,1],"15":[0,11],"16":[7,4],"17":[0,16],"18":[1,0],"19":[1,0],"20":[2,0],"21":[8,4],"22":[39,0],"23":[39,0],"24":[39,0],"25":[39,0],"26":[39,0],"27":[29,10],"28":[6,16],"29":[6,0],"30":[6,0],"31":[6,0],"32":[4,0]},"f":{"1":18,"2":4,"3":22,"4":0,"5":39,"6":22,"7":4},"fnMap":{"1":{"name":"beginDispute","line":47,"loc":{"start":{"line":47,"column":4},"end":{"line":122,"column":4}}},"2":{"name":"proposeFork","line":128,"loc":{"start":{"line":128,"column":4},"end":{"line":154,"column":4}}},"3":{"name":"unlockDisputeFee","line":160,"loc":{"start":{"line":160,"column":4},"end":{"line":257,"column":4}}},"4":{"name":"verify","line":262,"loc":{"start":{"line":262,"column":4},"end":{"line":264,"column":4}}},"5":{"name":"vote","line":271,"loc":{"start":{"line":271,"column":4},"end":{"line":307,"column":4}}},"6":{"name":"_updateLastId","line":314,"loc":{"start":{"line":314,"column":4},"end":{"line":336,"column":4}}},"7":{"name":"_verify","line":341,"loc":{"start":{"line":341,"column":4},"end":{"line":350,"column":4}}}},"statementMap":{"1":{"start":{"line":52,"column":8},"end":{"line":52,"column":61}},"2":{"start":{"line":53,"column":8},"end":{"line":53,"column":75}},"3":{"start":{"line":54,"column":8},"end":{"line":54,"column":55}},"4":{"start":{"line":58,"column":8},"end":{"line":58,"column":72}},"5":{"start":{"line":59,"column":8},"end":{"line":59,"column":2115}},"6":{"start":{"line":64,"column":8},"end":{"line":64,"column":49}},"7":{"start":{"line":67,"column":8},"end":{"line":67,"column":54}},"8":{"start":{"line":68,"column":8},"end":{"line":68,"column":2430}},"9":{"start":{"line":69,"column":12},"end":{"line":69,"column":73}},"10":{"start":{"line":71,"column":12},"end":{"line":71,"column":111}},"11":{"start":{"line":72,"column":12},"end":{"line":72,"column":52}},"12":{"start":{"line":73,"column":12},"end":{"line":73,"column":29}},"13":{"start":{"line":75,"column":8},"end":{"line":75,"column":60}},"14":{"start":{"line":76,"column":8},"end":{"line":76,"column":20}},"15":{"start":{"line":77,"column":8},"end":{"line":77,"column":2845}},"16":{"start":{"line":78,"column":12},"end":{"line":78,"column":2889}},"17":{"start":{"line":82,"column":12},"end":{"line":82,"column":3150}},"18":{"start":{"line":86,"column":12},"end":{"line":86,"column":50}},"19":{"start":{"line":90,"column":8},"end":{"line":90,"column":43}},"20":{"start":{"line":91,"column":8},"end":{"line":91,"column":49}},"21":{"start":{"line":92,"column":8},"end":{"line":92,"column":53}},"22":{"start":{"line":93,"column":8},"end":{"line":93,"column":58}},"23":{"start":{"line":94,"column":8},"end":{"line":94,"column":63}},"24":{"start":{"line":95,"column":8},"end":{"line":95,"column":47}},"25":{"start":{"line":96,"column":8},"end":{"line":96,"column":56}},"26":{"start":{"line":97,"column":8},"end":{"line":97,"column":40}},"27":{"start":{"line":100,"column":8},"end":{"line":100,"column":72}},"28":{"start":{"line":101,"column":8},"end":{"line":101,"column":71}},"29":{"start":{"line":102,"column":8},"end":{"line":102,"column":4034}},"30":{"start":{"line":104,"column":8},"end":{"line":104,"column":4125}},"31":{"start":{"line":108,"column":8},"end":{"line":108,"column":76}},"32":{"start":{"line":109,"column":8},"end":{"line":109,"column":73}},"33":{"start":{"line":110,"column":8},"end":{"line":110,"column":59}},"34":{"start":{"line":111,"column":8},"end":{"line":111,"column":51}},"35":{"start":{"line":116,"column":8},"end":{"line":116,"column":4845}},"36":{"start":{"line":117,"column":12},"end":{"line":117,"column":48}},"37":{"start":{"line":118,"column":12},"end":{"line":118,"column":47}},"38":{"start":{"line":120,"column":8},"end":{"line":120,"column":46}},"39":{"start":{"line":121,"column":8},"end":{"line":121,"column":66}},"40":{"start":{"line":129,"column":8},"end":{"line":129,"column":37}},"41":{"start":{"line":130,"column":8},"end":{"line":130,"column":68}},"42":{"start":{"line":132,"column":8},"end":{"line":132,"column":49}},"43":{"start":{"line":133,"column":8},"end":{"line":133,"column":5501}},"44":{"start":{"line":134,"column":12},"end":{"line":134,"column":5591}},"45":{"start":{"line":138,"column":12},"end":{"line":138,"column":52}},"46":{"start":{"line":140,"column":8},"end":{"line":140,"column":83}},"47":{"start":{"line":141,"column":8},"end":{"line":141,"column":43}},"48":{"start":{"line":142,"column":8},"end":{"line":142,"column":48}},"49":{"start":{"line":144,"column":8},"end":{"line":144,"column":57}},"50":{"start":{"line":145,"column":8},"end":{"line":145,"column":58}},"51":{"start":{"line":146,"column":8},"end":{"line":146,"column":74}},"52":{"start":{"line":147,"column":8},"end":{"line":147,"column":40}},"53":{"start":{"line":149,"column":8},"end":{"line":149,"column":75}},"54":{"start":{"line":150,"column":8},"end":{"line":150,"column":76}},"55":{"start":{"line":151,"column":8},"end":{"line":151,"column":6489}},"56":{"start":{"line":161,"column":8},"end":{"line":161,"column":77}},"57":{"start":{"line":162,"column":8},"end":{"line":162,"column":78}},"58":{"start":{"line":163,"column":8},"end":{"line":163,"column":6947}},"59":{"start":{"line":171,"column":8},"end":{"line":171,"column":7209}},"60":{"start":{"line":172,"column":12},"end":{"line":172,"column":26}},"61":{"start":{"line":174,"column":8},"end":{"line":174,"column":51}},"62":{"start":{"line":175,"column":8},"end":{"line":175,"column":51}},"63":{"start":{"line":177,"column":8},"end":{"line":177,"column":66}},"64":{"start":{"line":178,"column":8},"end":{"line":178,"column":7581}},"65":{"start":{"line":179,"column":12},"end":{"line":179,"column":25}},"66":{"start":{"line":181,"column":8},"end":{"line":181,"column":19}},"67":{"start":{"line":182,"column":8},"end":{"line":182,"column":68}},"68":{"start":{"line":183,"column":8},"end":{"line":183,"column":77}},"69":{"start":{"line":184,"column":8},"end":{"line":184,"column":7822}},"70":{"start":{"line":188,"column":8},"end":{"line":188,"column":68}},"71":{"start":{"line":189,"column":8},"end":{"line":189,"column":38}},"72":{"start":{"line":190,"column":8},"end":{"line":190,"column":8081}},"73":{"start":{"line":192,"column":12},"end":{"line":192,"column":73}},"74":{"start":{"line":195,"column":12},"end":{"line":195,"column":35}},"75":{"start":{"line":197,"column":12},"end":{"line":197,"column":58}},"76":{"start":{"line":198,"column":12},"end":{"line":198,"column":8542}},"77":{"start":{"line":199,"column":16},"end":{"line":199,"column":62}},"78":{"start":{"line":201,"column":12},"end":{"line":201,"column":8692}},"79":{"start":{"line":202,"column":16},"end":{"line":202,"column":39}},"80":{"start":{"line":203,"column":16},"end":{"line":203,"column":8787}},"81":{"start":{"line":208,"column":16},"end":{"line":208,"column":39}},"82":{"start":{"line":210,"column":12},"end":{"line":210,"column":9000}},"83":{"start":{"line":211,"column":16},"end":{"line":211,"column":9063}},"84":{"start":{"line":214,"column":16},"end":{"line":214,"column":9184}},"85":{"start":{"line":215,"column":20},"end":{"line":215,"column":31}},"86":{"start":{"line":217,"column":16},"end":{"line":217,"column":57}},"87":{"start":{"line":219,"column":16},"end":{"line":219,"column":9436}},"88":{"start":{"line":226,"column":12},"end":{"line":226,"column":35}},"89":{"start":{"line":227,"column":12},"end":{"line":227,"column":9723}},"90":{"start":{"line":229,"column":12},"end":{"line":229,"column":9790}},"91":{"start":{"line":231,"column":16},"end":{"line":231,"column":9986}},"92":{"start":{"line":234,"column":12},"end":{"line":234,"column":10089}},"93":{"start":{"line":235,"column":16},"end":{"line":235,"column":75}},"94":{"start":{"line":237,"column":12},"end":{"line":237,"column":10261}},"95":{"start":{"line":238,"column":16},"end":{"line":238,"column":10324}},"96":{"start":{"line":241,"column":16},"end":{"line":241,"column":10445}},"97":{"start":{"line":242,"column":20},"end":{"line":242,"column":43}},"98":{"start":{"line":244,"column":16},"end":{"line":244,"column":10581}},"99":{"start":{"line":252,"column":8},"end":{"line":252,"column":10773}},"100":{"start":{"line":263,"column":8},"end":{"line":263,"column":30}},"101":{"start":{"line":272,"column":8},"end":{"line":272,"column":77}},"102":{"start":{"line":273,"column":8},"end":{"line":273,"column":55}},"103":{"start":{"line":274,"column":8},"end":{"line":274,"column":71}},"104":{"start":{"line":276,"column":8},"end":{"line":276,"column":11797}},"105":{"start":{"line":280,"column":8},"end":{"line":280,"column":74}},"106":{"start":{"line":283,"column":8},"end":{"line":283,"column":52}},"107":{"start":{"line":286,"column":8},"end":{"line":286,"column":12170}},"108":{"start":{"line":292,"column":8},"end":{"line":292,"column":36}},"109":{"start":{"line":295,"column":8},"end":{"line":295,"column":47}},"110":{"start":{"line":299,"column":8},"end":{"line":299,"column":12610}},"111":{"start":{"line":300,"column":12},"end":{"line":300,"column":58}},"112":{"start":{"line":302,"column":12},"end":{"line":302,"column":58}},"113":{"start":{"line":306,"column":8},"end":{"line":306,"column":72}},"114":{"start":{"line":315,"column":8},"end":{"line":315,"column":79}},"115":{"start":{"line":316,"column":8},"end":{"line":316,"column":75}},"116":{"start":{"line":317,"column":8},"end":{"line":317,"column":13438}},"117":{"start":{"line":320,"column":8},"end":{"line":320,"column":13543}},"118":{"start":{"line":321,"column":12},"end":{"line":321,"column":13665}},"119":{"start":{"line":323,"column":12},"end":{"line":323,"column":13709}},"120":{"start":{"line":328,"column":12},"end":{"line":328,"column":13902}},"121":{"start":{"line":329,"column":16},"end":{"line":329,"column":13960}},"122":{"start":{"line":342,"column":8},"end":{"line":342,"column":14345}},"123":{"start":{"line":346,"column":8},"end":{"line":346,"column":14513}}},"branchMap":{"1":{"line":53,"type":"if","locations":[{"start":{"line":53,"column":8},"end":{"line":53,"column":8}},{"start":{"line":53,"column":8},"end":{"line":53,"column":8}}]},"2":{"line":54,"type":"if","locations":[{"start":{"line":54,"column":8},"end":{"line":54,"column":8}},{"start":{"line":54,"column":8},"end":{"line":54,"column":8}}]},"3":{"line":68,"type":"if","locations":[{"start":{"line":68,"column":8},"end":{"line":68,"column":8}},{"start":{"line":68,"column":8},"end":{"line":68,"column":8}}]},"4":{"line":71,"type":"if","locations":[{"start":{"line":71,"column":12},"end":{"line":71,"column":12}},{"start":{"line":71,"column":12},"end":{"line":71,"column":12}}]},"5":{"line":77,"type":"if","locations":[{"start":{"line":77,"column":8},"end":{"line":77,"column":8}},{"start":{"line":77,"column":8},"end":{"line":77,"column":8}}]},"6":{"line":116,"type":"if","locations":[{"start":{"line":116,"column":8},"end":{"line":116,"column":8}},{"start":{"line":116,"column":8},"end":{"line":116,"column":8}}]},"7":{"line":133,"type":"if","locations":[{"start":{"line":133,"column":8},"end":{"line":133,"column":8}},{"start":{"line":133,"column":8},"end":{"line":133,"column":8}}]},"8":{"line":161,"type":"if","locations":[{"start":{"line":161,"column":8},"end":{"line":161,"column":8}},{"start":{"line":161,"column":8},"end":{"line":161,"column":8}}]},"9":{"line":171,"type":"if","locations":[{"start":{"line":171,"column":8},"end":{"line":171,"column":8}},{"start":{"line":171,"column":8},"end":{"line":171,"column":8}}]},"10":{"line":178,"type":"if","locations":[{"start":{"line":178,"column":8},"end":{"line":178,"column":8}},{"start":{"line":178,"column":8},"end":{"line":178,"column":8}}]},"11":{"line":182,"type":"if","locations":[{"start":{"line":182,"column":8},"end":{"line":182,"column":8}},{"start":{"line":182,"column":8},"end":{"line":182,"column":8}}]},"12":{"line":183,"type":"if","locations":[{"start":{"line":183,"column":8},"end":{"line":183,"column":8}},{"start":{"line":183,"column":8},"end":{"line":183,"column":8}}]},"13":{"line":184,"type":"if","locations":[{"start":{"line":184,"column":8},"end":{"line":184,"column":8}},{"start":{"line":184,"column":8},"end":{"line":184,"column":8}}]},"14":{"line":190,"type":"if","locations":[{"start":{"line":190,"column":8},"end":{"line":190,"column":8}},{"start":{"line":190,"column":8},"end":{"line":190,"column":8}}]},"15":{"line":198,"type":"if","locations":[{"start":{"line":198,"column":12},"end":{"line":198,"column":12}},{"start":{"line":198,"column":12},"end":{"line":198,"column":12}}]},"16":{"line":201,"type":"if","locations":[{"start":{"line":201,"column":12},"end":{"line":201,"column":12}},{"start":{"line":201,"column":12},"end":{"line":201,"column":12}}]},"17":{"line":214,"type":"if","locations":[{"start":{"line":214,"column":16},"end":{"line":214,"column":16}},{"start":{"line":214,"column":16},"end":{"line":214,"column":16}}]},"18":{"line":229,"type":"if","locations":[{"start":{"line":229,"column":12},"end":{"line":229,"column":12}},{"start":{"line":229,"column":12},"end":{"line":229,"column":12}}]},"19":{"line":234,"type":"if","locations":[{"start":{"line":234,"column":12},"end":{"line":234,"column":12}},{"start":{"line":234,"column":12},"end":{"line":234,"column":12}}]},"20":{"line":241,"type":"if","locations":[{"start":{"line":241,"column":16},"end":{"line":241,"column":16}},{"start":{"line":241,"column":16},"end":{"line":241,"column":16}}]},"21":{"line":252,"type":"if","locations":[{"start":{"line":252,"column":8},"end":{"line":252,"column":8}},{"start":{"line":252,"column":8},"end":{"line":252,"column":8}}]},"22":{"line":272,"type":"if","locations":[{"start":{"line":272,"column":8},"end":{"line":272,"column":8}},{"start":{"line":272,"column":8},"end":{"line":272,"column":8}}]},"23":{"line":274,"type":"if","locations":[{"start":{"line":274,"column":8},"end":{"line":274,"column":8}},{"start":{"line":274,"column":8},"end":{"line":274,"column":8}}]},"24":{"line":280,"type":"if","locations":[{"start":{"line":280,"column":8},"end":{"line":280,"column":8}},{"start":{"line":280,"column":8},"end":{"line":280,"column":8}}]},"25":{"line":283,"type":"if","locations":[{"start":{"line":283,"column":8},"end":{"line":283,"column":8}},{"start":{"line":283,"column":8},"end":{"line":283,"column":8}}]},"26":{"line":286,"type":"if","locations":[{"start":{"line":286,"column":8},"end":{"line":286,"column":8}},{"start":{"line":286,"column":8},"end":{"line":286,"column":8}}]},"27":{"line":299,"type":"if","locations":[{"start":{"line":299,"column":8},"end":{"line":299,"column":8}},{"start":{"line":299,"column":8},"end":{"line":299,"column":8}}]},"28":{"line":320,"type":"if","locations":[{"start":{"line":320,"column":8},"end":{"line":320,"column":8}},{"start":{"line":320,"column":8},"end":{"line":320,"column":8}}]},"29":{"line":323,"type":"if","locations":[{"start":{"line":323,"column":12},"end":{"line":323,"column":12}},{"start":{"line":323,"column":12},"end":{"line":323,"column":12}}]},"30":{"line":328,"type":"if","locations":[{"start":{"line":328,"column":12},"end":{"line":328,"column":12}},{"start":{"line":328,"column":12},"end":{"line":328,"column":12}}]},"31":{"line":329,"type":"if","locations":[{"start":{"line":329,"column":16},"end":{"line":329,"column":16}},{"start":{"line":329,"column":16},"end":{"line":329,"column":16}}]},"32":{"line":346,"type":"if","locations":[{"start":{"line":346,"column":8},"end":{"line":346,"column":8}},{"start":{"line":346,"column":8},"end":{"line":346,"column":8}}]}}},
"contracts/TellorStorage.sol":{"l":{},"path":"/home/nfett/coder/tellor3/contracts/TellorStorage.sol","s":{},"b":{},"f":{},"fnMap":{},"statementMap":{},"branchMap":{}},
"contracts/TellorTransfer.sol":{"l":{"37":1,"52":98,"57":23,"58":22,"60":1,"62":75,"72":5,"74":3,"75":3,"76":3,"85":4113,"99":4154,"100":4154,"103":97,"105":4057,"106":4055,"108":2,"109":2,"110":2,"111":10,"112":10,"113":0,"115":1,"117":9,"120":2,"133":52,"134":44,"149":4,"153":2,"154":2,"155":2,"171":101,"172":99,"173":97,"177":93,"178":93,"179":93,"180":93,"181":93,"185":93,"186":93,"195":1497,"196":1495,"197":1495,"198":1495,"199":1495,"203":1495,"204":1495,"208":1495,"209":1495,"210":1495,"219":2117,"220":2117,"221":2117,"222":2117,"226":2117,"227":2117,"231":2117,"232":2117,"240":5924,"241":5924,"245":5669,"252":255,"254":255},"path":"/home/nfett/coder/tellor3/contracts/TellorTransfer.sol","s":{"1":1,"2":98,"3":23,"4":22,"5":1,"6":75,"7":5,"8":3,"9":3,"10":3,"11":4113,"12":4154,"13":4154,"14":97,"15":4057,"16":4055,"17":2,"18":2,"19":2,"20":10,"21":10,"22":0,"23":10,"24":1,"25":9,"26":2,"27":52,"28":44,"29":4,"30":2,"31":2,"32":2,"33":101,"34":99,"35":97,"36":93,"37":93,"38":93,"39":93,"40":93,"41":93,"42":93,"43":1497,"44":1495,"45":1495,"46":1495,"47":1495,"48":1495,"49":1495,"50":1495,"51":1495,"52":1495,"53":2117,"54":0,"55":2117,"56":2117,"57":2117,"58":2117,"59":2117,"60":2117,"61":2117,"62":5924,"63":5924,"64":5669,"65":255,"66":255},"b":{"1":[23,75],"2":[22,1],"3":[3,2],"4":[97,4057],"5":[4055,2],"6":[0,10],"7":[1,9],"8":[2,2],"9":[99,2],"10":[97,2],"11":[93,4],"12":[93,0],"13":[1495,2],"14":[1495,0],"15":[1495,0],"16":[1495,0],"17":[0,2117],"18":[2117,0],"19":[2117,0],"20":[5669,255]},"f":{"1":1,"2":98,"3":5,"4":4113,"5":4154,"6":52,"7":4,"8":101,"9":1497,"10":2117,"11":5924},"fnMap":{"1":{"name":"allowance","line":32,"loc":{"start":{"line":32,"column":4},"end":{"line":38,"column":4}}},"2":{"name":"allowedToTrade","line":47,"loc":{"start":{"line":47,"column":4},"end":{"line":63,"column":4}}},"3":{"name":"approve","line":71,"loc":{"start":{"line":71,"column":4},"end":{"line":77,"column":4}}},"4":{"name":"balanceOf","line":84,"loc":{"start":{"line":84,"column":4},"end":{"line":86,"column":4}}},"5":{"name":"balanceOfAt","line":94,"loc":{"start":{"line":94,"column":4},"end":{"line":122,"column":4}}},"6":{"name":"transfer","line":129,"loc":{"start":{"line":129,"column":4},"end":{"line":135,"column":4}}},"7":{"name":"transferFrom","line":144,"loc":{"start":{"line":144,"column":4},"end":{"line":156,"column":4}}},"8":{"name":"_doTransfer","line":166,"loc":{"start":{"line":166,"column":4},"end":{"line":187,"column":4}}},"9":{"name":"_doMint","line":194,"loc":{"start":{"line":194,"column":4},"end":{"line":211,"column":4}}},"10":{"name":"_doBurn","line":218,"loc":{"start":{"line":218,"column":4},"end":{"line":233,"column":4}}},"11":{"name":"_updateBalanceAtNow","line":239,"loc":{"start":{"line":239,"column":4},"end":{"line":256,"column":4}}}},"statementMap":{"1":{"start":{"line":37,"column":8},"end":{"line":37,"column":43}},"2":{"start":{"line":52,"column":8},"end":{"line":52,"column":1654}},"3":{"start":{"line":57,"column":12},"end":{"line":57,"column":1869}},"4":{"start":{"line":58,"column":16},"end":{"line":58,"column":27}},"5":{"start":{"line":60,"column":12},"end":{"line":60,"column":24}},"6":{"start":{"line":62,"column":8},"end":{"line":62,"column":44}},"7":{"start":{"line":72,"column":8},"end":{"line":72,"column":76}},"8":{"start":{"line":74,"column":8},"end":{"line":74,"column":50}},"9":{"start":{"line":75,"column":8},"end":{"line":75,"column":52}},"10":{"start":{"line":76,"column":8},"end":{"line":76,"column":19}},"11":{"start":{"line":85,"column":8},"end":{"line":85,"column":47}},"12":{"start":{"line":99,"column":8},"end":{"line":99,"column":72}},"13":{"start":{"line":100,"column":8},"end":{"line":100,"column":3399}},"14":{"start":{"line":103,"column":12},"end":{"line":103,"column":20}},"15":{"start":{"line":105,"column":12},"end":{"line":105,"column":3602}},"16":{"start":{"line":106,"column":16},"end":{"line":106,"column":64}},"17":{"start":{"line":108,"column":12},"end":{"line":108,"column":27}},"18":{"start":{"line":109,"column":12},"end":{"line":109,"column":48}},"19":{"start":{"line":110,"column":12},"end":{"line":110,"column":3829}},"20":{"start":{"line":111,"column":16},"end":{"line":111,"column":49}},"21":{"start":{"line":112,"column":16},"end":{"line":112,"column":3920}},"22":{"start":{"line":113,"column":20},"end":{"line":113,"column":49}},"23":{"start":{"line":114,"column":23},"end":{"line":114,"column":4044}},"24":{"start":{"line":115,"column":20},"end":{"line":115,"column":28}},"25":{"start":{"line":117,"column":20},"end":{"line":117,"column":32}},"26":{"start":{"line":120,"column":12},"end":{"line":120,"column":41}},"27":{"start":{"line":133,"column":8},"end":{"line":133,"column":44}},"28":{"start":{"line":134,"column":8},"end":{"line":134,"column":19}},"29":{"start":{"line":149,"column":8},"end":{"line":149,"column":5047}},"30":{"start":{"line":153,"column":8},"end":{"line":153,"column":48}},"31":{"start":{"line":154,"column":8},"end":{"line":154,"column":39}},"32":{"start":{"line":155,"column":8},"end":{"line":155,"column":19}},"33":{"start":{"line":171,"column":8},"end":{"line":171,"column":65}},"34":{"start":{"line":172,"column":8},"end":{"line":172,"column":58}},"35":{"start":{"line":173,"column":8},"end":{"line":173,"column":5844}},"36":{"start":{"line":177,"column":8},"end":{"line":177,"column":59}},"37":{"start":{"line":178,"column":8},"end":{"line":178,"column":48}},"38":{"start":{"line":179,"column":8},"end":{"line":179,"column":65}},"39":{"start":{"line":180,"column":8},"end":{"line":180,"column":48}},"40":{"start":{"line":181,"column":8},"end":{"line":181,"column":6200}},"41":{"start":{"line":185,"column":8},"end":{"line":185,"column":63}},"42":{"start":{"line":186,"column":8},"end":{"line":186,"column":42}},"43":{"start":{"line":195,"column":8},"end":{"line":195,"column":65}},"44":{"start":{"line":196,"column":8},"end":{"line":196,"column":58}},"45":{"start":{"line":197,"column":8},"end":{"line":197,"column":57}},"46":{"start":{"line":198,"column":8},"end":{"line":198,"column":48}},"47":{"start":{"line":199,"column":8},"end":{"line":199,"column":6954}},"48":{"start":{"line":203,"column":8},"end":{"line":203,"column":53}},"49":{"start":{"line":204,"column":8},"end":{"line":204,"column":7154}},"50":{"start":{"line":208,"column":8},"end":{"line":208,"column":38}},"51":{"start":{"line":209,"column":8},"end":{"line":209,"column":63}},"52":{"start":{"line":210,"column":8},"end":{"line":210,"column":47}},"53":{"start":{"line":219,"column":8},"end":{"line":219,"column":32}},"54":{"start":{"line":219,"column":26},"end":{"line":219,"column":32}},"55":{"start":{"line":220,"column":8},"end":{"line":220,"column":59}},"56":{"start":{"line":221,"column":8},"end":{"line":221,"column":48}},"57":{"start":{"line":222,"column":8},"end":{"line":222,"column":7806}},"58":{"start":{"line":226,"column":8},"end":{"line":226,"column":53}},"59":{"start":{"line":227,"column":8},"end":{"line":227,"column":8006}},"60":{"start":{"line":231,"column":8},"end":{"line":231,"column":65}},"61":{"start":{"line":232,"column":8},"end":{"line":232,"column":38}},"62":{"start":{"line":240,"column":8},"end":{"line":240,"column":58}},"63":{"start":{"line":241,"column":8},"end":{"line":241,"column":8516}},"64":{"start":{"line":245,"column":12},"end":{"line":245,"column":8662}},"65":{"start":{"line":252,"column":12},"end":{"line":252,"column":8913}},"66":{"start":{"line":254,"column":12},"end":{"line":254,"column":39}}},"branchMap":{"1":{"line":52,"type":"if","locations":[{"start":{"line":52,"column":8},"end":{"line":52,"column":8}},{"start":{"line":52,"column":8},"end":{"line":52,"column":8}}]},"2":{"line":57,"type":"if","locations":[{"start":{"line":57,"column":12},"end":{"line":57,"column":12}},{"start":{"line":57,"column":12},"end":{"line":57,"column":12}}]},"3":{"line":72,"type":"if","locations":[{"start":{"line":72,"column":8},"end":{"line":72,"column":8}},{"start":{"line":72,"column":8},"end":{"line":72,"column":8}}]},"4":{"line":100,"type":"if","locations":[{"start":{"line":100,"column":8},"end":{"line":100,"column":8}},{"start":{"line":100,"column":8},"end":{"line":100,"column":8}}]},"5":{"line":105,"type":"if","locations":[{"start":{"line":105,"column":12},"end":{"line":105,"column":12}},{"start":{"line":105,"column":12},"end":{"line":105,"column":12}}]},"6":{"line":112,"type":"if","locations":[{"start":{"line":112,"column":16},"end":{"line":112,"column":16}},{"start":{"line":112,"column":16},"end":{"line":112,"column":16}}]},"7":{"line":114,"type":"if","locations":[{"start":{"line":114,"column":23},"end":{"line":114,"column":23}},{"start":{"line":114,"column":23},"end":{"line":114,"column":23}}]},"8":{"line":149,"type":"if","locations":[{"start":{"line":149,"column":8},"end":{"line":149,"column":8}},{"start":{"line":149,"column":8},"end":{"line":149,"column":8}}]},"9":{"line":171,"type":"if","locations":[{"start":{"line":171,"column":8},"end":{"line":171,"column":8}},{"start":{"line":171,"column":8},"end":{"line":171,"column":8}}]},"10":{"line":172,"type":"if","locations":[{"start":{"line":172,"column":8},"end":{"line":172,"column":8}},{"start":{"line":172,"column":8},"end":{"line":172,"column":8}}]},"11":{"line":173,"type":"if","locations":[{"start":{"line":173,"column":8},"end":{"line":173,"column":8}},{"start":{"line":173,"column":8},"end":{"line":173,"column":8}}]},"12":{"line":181,"type":"if","locations":[{"start":{"line":181,"column":8},"end":{"line":181,"column":8}},{"start":{"line":181,"column":8},"end":{"line":181,"column":8}}]},"13":{"line":195,"type":"if","locations":[{"start":{"line":195,"column":8},"end":{"line":195,"column":8}},{"start":{"line":195,"column":8},"end":{"line":195,"column":8}}]},"14":{"line":196,"type":"if","locations":[{"start":{"line":196,"column":8},"end":{"line":196,"column":8}},{"start":{"line":196,"column":8},"end":{"line":196,"column":8}}]},"15":{"line":199,"type":"if","locations":[{"start":{"line":199,"column":8},"end":{"line":199,"column":8}},{"start":{"line":199,"column":8},"end":{"line":199,"column":8}}]},"16":{"line":204,"type":"if","locations":[{"start":{"line":204,"column":8},"end":{"line":204,"column":8}},{"start":{"line":204,"column":8},"end":{"line":204,"column":8}}]},"17":{"line":219,"type":"if","locations":[{"start":{"line":219,"column":8},"end":{"line":219,"column":8}},{"start":{"line":219,"column":8},"end":{"line":219,"column":8}}]},"18":{"line":222,"type":"if","locations":[{"start":{"line":222,"column":8},"end":{"line":222,"column":8}},{"start":{"line":222,"column":8},"end":{"line":222,"column":8}}]},"19":{"line":227,"type":"if","locations":[{"start":{"line":227,"column":8},"end":{"line":227,"column":8}},{"start":{"line":227,"column":8},"end":{"line":227,"column":8}}]},"20":{"line":241,"type":"if","locations":[{"start":{"line":241,"column":8},"end":{"line":241,"column":8}},{"start":{"line":241,"column":8},"end":{"line":241,"column":8}}]}}},
"contracts/TellorVariables.sol":{"l":{},"path":"/home/nfett/coder/tellor3/contracts/TellorVariables.sol","s":{},"b":{},"f":{},"fnMap":{},"statementMap":{},"branchMap":{}},
"contracts/Utilities.sol":{"l":{"21":277,"22":277,"23":277,"24":1385,"25":1385,"26":1385,"27":60,"28":60,"31":277,"32":12465,"33":3662,"34":3662,"35":3662,"36":3662,"37":18310,"38":5788,"39":5788},"path":"/home/nfett/coder/tellor3/contracts/Utilities.sol","s":{"1":277,"2":277,"3":277,"4":1385,"5":1385,"6":1385,"7":60,"8":60,"9":277,"10":12465,"11":3662,"12":3662,"13":3662,"14":3662,"15":18310,"16":5788,"17":5788},"b":{"1":[60,1325],"2":[3662,8803],"3":[5788,12522]},"f":{"1":277},"fnMap":{"1":{"name":"_getMax5","line":16,"loc":{"start":{"line":16,"column":4},"end":{"line":44,"column":4}}}},"statementMap":{"1":{"start":{"line":21,"column":8},"end":{"line":21,"column":30}},"2":{"start":{"line":22,"column":8},"end":{"line":22,"column":24}},"3":{"start":{"line":23,"column":8},"end":{"line":23,"column":802}},"4":{"start":{"line":24,"column":12},"end":{"line":24,"column":31}},"5":{"start":{"line":25,"column":12},"end":{"line":25,"column":30}},"6":{"start":{"line":26,"column":12},"end":{"line":26,"column":953}},"7":{"start":{"line":27,"column":16},"end":{"line":27,"column":28}},"8":{"start":{"line":28,"column":16},"end":{"line":28,"column":23}},"9":{"start":{"line":31,"column":8},"end":{"line":31,"column":1059}},"10":{"start":{"line":32,"column":12},"end":{"line":32,"column":1119}},"11":{"start":{"line":33,"column":16},"end":{"line":33,"column":34}},"12":{"start":{"line":34,"column":16},"end":{"line":34,"column":33}},"13":{"start":{"line":35,"column":16},"end":{"line":35,"column":29}},"14":{"start":{"line":36,"column":16},"end":{"line":36,"column":1266}},"15":{"start":{"line":37,"column":20},"end":{"line":37,"column":1324}},"16":{"start":{"line":38,"column":24},"end":{"line":38,"column":36}},"17":{"start":{"line":39,"column":24},"end":{"line":39,"column":31}}},"branchMap":{"1":{"line":26,"type":"if","locations":[{"start":{"line":26,"column":12},"end":{"line":26,"column":12}},{"start":{"line":26,"column":12},"end":{"line":26,"column":12}}]},"2":{"line":32,"type":"if","locations":[{"start":{"line":32,"column":12},"end":{"line":32,"column":12}},{"start":{"line":32,"column":12},"end":{"line":32,"column":12}}]},"3":{"line":37,"type":"if","locations":[{"start":{"line":37,"column":20},"end":{"line":37,"column":20}},{"start":{"line":37,"column":20},"end":{"line":37,"column":20}}]}}}}
