TN:
SF:/home/nfett/coder/tellor3/contracts/Extension.sol
FN:36,depositStake
FN:46,requestStakingWithdraw
FN:66,tallyVotes
FN:111,updateMinDisputeFee
FN:129,updateTellor
FN:165,withdrawStake
FN:188,_newStake
FNF:7
FNH:7
FNDA:1387,depositStake
FNDA:3,requestStakingWithdraw
FNDA:22,tallyVotes
FNDA:1390,updateMinDisputeFee
FNDA:6,updateTellor
FNDA:4,withdrawStake
FNDA:1387,_newStake
DA:37,1387
DA:38,1387
DA:47,3
DA:49,3
DA:51,3
DA:54,3
DA:56,3
DA:58,3
DA:59,3
DA:67,22
DA:69,22
DA:71,22
DA:76,22
DA:80,22
DA:81,22
DA:83,18
DA:85,16
DA:87,16
DA:89,16
DA:90,12
DA:93,2
DA:96,22
DA:97,22
DA:98,22
DA:112,1390
DA:113,1390
DA:114,1390
DA:130,6
DA:131,6
DA:133,6
DA:141,6
DA:142,6
DA:143,6
DA:147,6
DA:148,2
DA:152,2
DA:153,2
DA:154,2
DA:155,2
DA:158,2
DA:166,4
DA:169,4
DA:174,4
DA:178,2
DA:179,2
DA:189,1387
DA:196,1387
DA:201,1387
DA:202,1387
DA:206,1387
LF:50
LH:50
BRDA:49,1,0,3
BRDA:49,1,1,0
BRDA:69,2,0,22
BRDA:69,2,1,0
BRDA:71,3,0,22
BRDA:71,3,1,0
BRDA:76,4,0,22
BRDA:76,4,1,0
BRDA:81,5,0,18
BRDA:81,5,1,4
BRDA:83,6,0,16
BRDA:83,6,1,2
BRDA:89,7,0,12
BRDA:89,7,1,4
BRDA:92,8,0,2
BRDA:92,8,1,0
BRDA:142,9,0,6
BRDA:142,9,1,0
BRDA:143,10,0,6
BRDA:143,10,1,0
BRDA:147,11,0,2
BRDA:147,11,1,4
BRDA:148,12,0,2
BRDA:148,12,1,0
BRDA:169,13,0,4
BRDA:169,13,1,0
BRDA:174,14,0,2
BRDA:174,14,1,2
BRDA:189,15,0,1387
BRDA:189,15,1,0
BRDA:196,16,0,1387
BRDA:196,16,1,0
BRF:32
BRH:21
end_of_record
TN:
SF:/home/nfett/coder/tellor3/contracts/ITellor.sol
FNF:0
FNH:0
LF:0
LH:0
BRF:0
BRH:0
end_of_record
TN:
SF:/home/nfett/coder/tellor3/contracts/Mocks/TellorTest.sol
FN:10,theLazyCoon
FN:16,testSubmitMiningSolution
FN:31,manuallySetDifficulty
FN:35,bumpVersion
FN:39,verify
FNF:5
FNH:5
FNDA:2126,theLazyCoon
FNDA:1217,testSubmitMiningSolution
FNDA:5,manuallySetDifficulty
FNDA:4,bumpVersion
FNDA:4,verify
DA:11,2126
DA:12,2126
DA:21,1217
DA:22,1217
DA:27,1217
DA:32,5
DA:36,4
DA:40,4
LF:8
LH:8
BRDA:22,1,0,1217
BRDA:22,1,1,0
BRF:2
BRH:1
end_of_record
TN:
SF:/home/nfett/coder/tellor3/contracts/Mocks/UtilitiesTest.sol
FN:18,testgetMax5
FNF:1
FNH:1
FNDA:26,testgetMax5
DA:23,26
LF:1
LH:1
BRF:0
BRH:0
end_of_record
TN:
SF:/home/nfett/coder/tellor3/contracts/SafeMath.sol
FN:10,add
FN:16,add
FN:26,max
FN:30,max
FN:34,min
FN:38,mul
FN:44,sub
FN:49,sub
FNF:8
FNH:6
FNDA:2117,add
FNDA:29,add
FNDA:1390,max
FNDA:243,max
FNDA:1633,min
FNDA:0,mul
FNDA:0,sub
FNDA:10,sub
DA:11,2117
DA:12,2117
DA:13,2117
DA:17,29
DA:18,29
DA:19,29
DA:21,0
DA:22,0
DA:27,1390
DA:31,243
DA:35,1633
DA:39,0
DA:40,0
DA:41,0
DA:45,0
DA:46,0
DA:50,10
DA:51,10
DA:52,10
DA:54,0
DA:55,0
LF:21
LH:12
BRDA:17,1,0,29
BRDA:17,1,1,0
BRDA:50,2,0,10
BRDA:50,2,1,0
BRF:4
BRH:2
end_of_record
TN:
SF:/home/nfett/coder/tellor3/contracts/Tellor.sol
FN:58,addTip
FN:82,changeExtension
FN:91,migrate
FN:102,migrateFor
FN:117,submitMiningSolution
FN:141,_adjustDifficulty
FN:160,_getMin
FN:180,_getTopRequestIDs
FN:202,_migrate
FN:216,_migrateFor
FN:233,_newBlock
FN:323,_payReward
FN:348,_submitMiningSolution
FN:427,_updateOnDeck
FN:471,_verifyNonce
FN:502,
FNF:16
FNH:16
FNDA:2121,addTip
FNDA:78,changeExtension
FNDA:50,migrate
FNDA:19,migrateFor
FNDA:3,submitMiningSolution
FNDA:243,_adjustDifficulty
FNDA:57,_getMin
FNDA:241,_getTopRequestIDs
FNDA:50,_migrate
FNDA:17,_migrateFor
FNDA:241,_newBlock
FNDA:241,_payReward
FNDA:1218,_submitMiningSolution
FNDA:2117,_updateOnDeck
FNDA:2,_verifyNonce
FNDA:2030,
DA:59,2121
DA:60,2121
DA:61,2121
DA:62,2121
DA:63,1976
DA:65,145
DA:67,2117
DA:69,2117
DA:70,2117
DA:83,78
DA:84,78
DA:92,50
DA:107,19
DA:108,17
DA:122,3
DA:123,3
DA:128,3
DA:129,2
DA:131,1
DA:132,1
DA:145,243
DA:146,243
DA:147,243
DA:148,243
DA:149,243
DA:150,11
DA:152,243
DA:165,57
DA:166,57
DA:167,57
DA:168,2793
DA:169,153
DA:170,153
DA:185,241
DA:186,241
DA:187,241
DA:188,241
DA:189,1205
DA:190,757
DA:192,448
DA:203,50
DA:204,42
DA:205,40
DA:221,17
DA:222,9
DA:223,9
DA:236,241
DA:237,241
DA:238,241
DA:239,241
DA:240,241
DA:242,241
DA:243,241
DA:244,241
DA:245,1205
DA:246,4820
DA:247,4820
DA:248,4820
DA:249,4820
DA:250,24
DA:253,24
DA:256,24
DA:258,4820
DA:259,14
DA:260,14
DA:263,1205
DA:265,1205
DA:266,1205
DA:267,1205
DA:268,1205
DA:270,1205
DA:272,1205
DA:273,1205
DA:274,1205
DA:275,1205
DA:276,1205
DA:278,241
DA:286,241
DA:287,241
DA:292,241
DA:293,241
DA:294,241
DA:295,241
DA:296,1205
DA:297,1205
DA:300,1205
DA:305,241
DA:308,241
DA:309,241
DA:327,241
DA:328,241
DA:329,241
DA:330,241
DA:331,241
DA:332,241
DA:333,241
DA:334,241
DA:335,241
DA:336,241
DA:337,241
DA:354,1218
DA:355,1218
DA:359,1216
DA:363,1216
DA:367,1216
DA:371,1216
DA:375,1216
DA:379,1216
DA:380,1216
DA:381,1216
DA:383,1216
DA:388,1214
DA:390,1214
DA:392,1214
DA:393,1214
DA:394,1214
DA:395,1214
DA:396,1214
DA:397,1214
DA:398,1214
DA:399,1214
DA:400,1214
DA:401,1214
DA:402,1214
DA:403,243
DA:405,1214
DA:413,1214
DA:415,241
DA:416,241
DA:418,973
DA:428,2117
DA:429,2117
DA:432,2117
DA:439,215
DA:443,1902
DA:444,57
DA:445,57
DA:446,57
DA:450,57
DA:451,43
DA:452,43
DA:454,43
DA:455,43
DA:459,1845
DA:472,2
DA:503,2030
DA:504,2030
DA:505,2030
LF:148
LH:148
BRDA:59,1,0,2121
BRDA:59,1,1,0
BRDA:60,2,0,2121
BRDA:60,2,1,0
BRDA:62,3,0,1976
BRDA:62,3,1,145
BRDA:65,4,0,141
BRDA:65,4,1,4
BRDA:83,5,0,78
BRDA:83,5,1,0
BRDA:107,6,0,17
BRDA:107,6,1,2
BRDA:123,7,0,3
BRDA:123,7,1,0
BRDA:128,8,0,2
BRDA:128,8,1,1
BRDA:149,9,0,11
BRDA:149,9,1,232
BRDA:168,10,0,153
BRDA:168,10,1,2640
BRDA:189,11,0,757
BRDA:189,11,1,448
BRDA:203,12,0,42
BRDA:203,12,1,8
BRDA:221,13,0,15
BRDA:221,13,1,2
BRDA:221,14,0,7
BRDA:221,14,1,8
BRDA:258,15,0,14
BRDA:258,15,1,4806
BRDA:355,16,0,1216
BRDA:355,16,1,2
BRDA:359,17,0,1216
BRDA:359,17,1,0
BRDA:363,18,0,1216
BRDA:363,18,1,0
BRDA:367,19,0,1216
BRDA:367,19,1,0
BRDA:371,20,0,1216
BRDA:371,20,1,0
BRDA:375,21,0,1216
BRDA:375,21,1,0
BRDA:383,22,0,1214
BRDA:383,22,1,2
BRDA:402,23,0,243
BRDA:402,23,1,971
BRDA:413,24,0,241
BRDA:413,24,1,973
BRDA:432,25,0,215
BRDA:432,25,1,1902
BRDA:443,26,0,57
BRDA:443,26,1,1845
BRDA:450,27,0,43
BRDA:450,27,1,14
BRDA:472,28,0,0
BRDA:472,28,1,2
BRF:56
BRH:46
end_of_record
TN:
SF:/home/nfett/coder/tellor3/contracts/TellorGetters.sol
FN:22,didMine
FN:36,didVote
FN:52,getAddressVars
FN:77,getAllDisputeVars
FN:121,getDisputeIdByDisputeHash
FN:137,getDisputeUintVars
FN:150,getLastNewValue
FN:165,getLastNewValueById
FN:192,getMinedBlockNum
FN:206,getMinersByRequestIdAndTimestamp
FN:220,getNewValueCountbyRequestId
FN:233,getRequestIdByRequestQIndex
FN:247,getRequestIdByTimestamp
FN:259,getRequestQ
FN:272,getRequestUintVars
FN:286,getRequestVars
FN:304,getStakerInfo
FN:321,getSubmissionsByTimestamp
FN:335,getTimestampbyRequestIDandIndex
FN:350,getUintVar
FN:360,isInDispute
FN:374,retrieveData
FN:386,totalSupply
FN:393,name
FN:400,symbol
FN:407,decimals
FN:415,getNewCurrentVariables
FN:439,getNewVariablesOnDeck
FN:455,getTopRequestIDs
FNF:29
FNH:24
FNDA:1,didMine
FNDA:6,didVote
FNDA:10,getAddressVars
FNDA:36,getAllDisputeVars
FNDA:0,getDisputeIdByDisputeHash
FNDA:0,getDisputeUintVars
FNDA:0,getLastNewValue
FNDA:1,getLastNewValueById
FNDA:5,getMinedBlockNum
FNDA:6,getMinersByRequestIdAndTimestamp
FNDA:30,getNewValueCountbyRequestId
FNDA:3,getRequestIdByRequestQIndex
FNDA:0,getRequestIdByTimestamp
FNDA:1,getRequestQ
FNDA:1,getRequestUintVars
FNDA:66,getRequestVars
FNDA:73,getStakerInfo
FNDA:5,getSubmissionsByTimestamp
FNDA:30,getTimestampbyRequestIDandIndex
FNDA:43,getUintVar
FNDA:0,isInDispute
FNDA:3,retrieveData
FNDA:6,totalSupply
FNDA:1,name
FNDA:1,symbol
FNDA:1,decimals
FNDA:270,getNewCurrentVariables
FNDA:9,getNewVariablesOnDeck
FNDA:10,getTopRequestIDs
DA:27,1
DA:41,6
DA:53,10
DA:92,36
DA:93,36
DA:126,0
DA:142,0
DA:151,0
DA:170,1
DA:171,1
DA:172,1
DA:182,0
DA:197,5
DA:210,6
DA:225,30
DA:238,3
DA:239,3
DA:252,0
DA:260,1
DA:277,1
DA:291,66
DA:292,66
DA:309,73
DA:326,5
DA:340,30
DA:351,43
DA:365,0
DA:379,3
DA:387,6
DA:394,1
DA:401,1
DA:408,1
DA:425,270
DA:426,1350
DA:428,270
DA:444,9
DA:445,9
DA:446,45
DA:460,10
DA:461,10
DA:462,10
DA:463,10
DA:464,50
DA:465,46
DA:467,4
LF:45
LH:39
BRDA:171,1,0,1
BRDA:171,1,1,0
BRDA:238,2,0,3
BRDA:238,2,1,0
BRDA:464,3,0,46
BRDA:464,3,1,4
BRF:6
BRH:4
end_of_record
TN:
SF:/home/nfett/coder/tellor3/contracts/TellorMaster.sol
FN:17,constructor
FN:55,changeDeity
FN:64,changeOwner
FN:73,changeTellorContract
FN:86,_delegate
FN:123,
FNF:6
FNH:6
FNDA:77,constructor
FNDA:1,changeDeity
FNDA:1,changeOwner
FNDA:7,changeTellorContract
FNDA:7840,_delegate
FNDA:7840,
DA:18,77
DA:19,77
DA:20,77
DA:21,77
DA:22,77
DA:23,77
DA:24,77
DA:25,77
DA:26,77
DA:27,77
DA:28,77
DA:29,77
DA:31,77
DA:32,77
DA:33,77
DA:34,77
DA:35,77
DA:38,77
DA:39,3850
DA:40,3850
DA:41,3850
DA:44,77
DA:48,77
DA:56,1
DA:57,1
DA:65,1
DA:66,1
DA:74,7
DA:75,7
DA:77,7
DA:88,7840
DA:124,7840
DA:125,7840
LF:33
LH:33
BRDA:56,1,0,1
BRDA:56,1,1,0
BRDA:65,2,0,1
BRDA:65,2,1,0
BRDA:74,3,0,7
BRDA:74,3,1,0
BRF:6
BRH:3
end_of_record
TN:
SF:/home/nfett/coder/tellor3/contracts/TellorStake.sol
FN:47,beginDispute
FN:128,proposeFork
FN:160,unlockDisputeFee
FN:262,verify
FN:271,vote
FN:314,_updateLastId
FN:341,_verify
FNF:7
FNH:6
FNDA:18,beginDispute
FNDA:4,proposeFork
FNDA:22,unlockDisputeFee
FNDA:0,verify
FNDA:39,vote
FNDA:22,_updateLastId
FNDA:4,_verify
DA:52,18
DA:53,18
DA:54,18
DA:58,18
DA:59,18
DA:63,18
DA:64,18
DA:67,18
DA:68,18
DA:69,6
DA:71,12
DA:72,12
DA:73,12
DA:75,18
DA:76,18
DA:77,18
DA:78,13
DA:82,13
DA:86,5
DA:90,18
DA:91,18
DA:92,18
DA:93,18
DA:94,18
DA:95,18
DA:96,18
DA:97,18
DA:100,18
DA:101,18
DA:102,18
DA:104,18
DA:108,18
DA:109,18
DA:110,18
DA:111,18
DA:116,18
DA:117,13
DA:118,13
DA:120,18
DA:121,18
DA:129,4
DA:130,4
DA:131,4
DA:132,4
DA:133,4
DA:134,0
DA:138,4
DA:140,4
DA:141,4
DA:142,4
DA:144,4
DA:145,4
DA:146,4
DA:147,4
DA:149,4
DA:150,4
DA:151,4
DA:161,22
DA:162,22
DA:163,22
DA:171,22
DA:172,0
DA:174,22
DA:175,22
DA:177,22
DA:178,22
DA:179,0
DA:181,22
DA:182,22
DA:183,22
DA:184,22
DA:188,12
DA:189,12
DA:190,12
DA:192,11
DA:195,11
DA:197,11
DA:198,11
DA:199,0
DA:201,11
DA:202,7
DA:203,7
DA:208,7
DA:210,11
DA:211,16
DA:214,16
DA:215,0
DA:217,16
DA:219,16
DA:226,1
DA:227,1
DA:229,1
DA:231,1
DA:234,1
DA:235,1
DA:237,1
DA:238,2
DA:241,2
DA:242,2
DA:244,2
DA:252,12
DA:253,8
DA:263,0
DA:272,39
DA:273,39
DA:274,39
DA:276,39
DA:280,39
DA:283,39
DA:286,39
DA:292,39
DA:295,39
DA:299,39
DA:300,29
DA:302,10
DA:306,39
DA:315,22
DA:316,22
DA:317,22
DA:320,22
DA:321,6
DA:323,6
DA:328,6
DA:329,6
DA:342,4
DA:346,4
LF:126
LH:120
BRDA:53,1,0,18
BRDA:53,1,1,0
BRDA:54,2,0,18
BRDA:54,2,1,0
BRDA:68,3,0,6
BRDA:68,3,1,12
BRDA:71,4,0,12
BRDA:71,4,1,0
BRDA:77,5,0,13
BRDA:77,5,1,5
BRDA:116,6,0,13
BRDA:116,6,1,5
BRDA:133,7,0,0
BRDA:133,7,1,4
BRDA:161,8,0,22
BRDA:161,8,1,0
BRDA:171,9,0,0
BRDA:171,9,1,22
BRDA:178,10,0,0
BRDA:178,10,1,22
BRDA:182,11,0,22
BRDA:182,11,1,0
BRDA:183,12,0,22
BRDA:183,12,1,0
BRDA:184,13,0,12
BRDA:184,13,1,10
BRDA:190,14,0,11
BRDA:190,14,1,1
BRDA:198,15,0,0
BRDA:198,15,1,11
BRDA:201,16,0,7
BRDA:201,16,1,4
BRDA:214,17,0,0
BRDA:214,17,1,16
BRDA:229,18,0,1
BRDA:229,18,1,0
BRDA:234,19,0,1
BRDA:234,19,1,0
BRDA:241,20,0,2
BRDA:241,20,1,0
BRDA:252,21,0,8
BRDA:252,21,1,4
BRDA:272,22,0,39
BRDA:272,22,1,0
BRDA:274,23,0,39
BRDA:274,23,1,0
BRDA:280,24,0,39
BRDA:280,24,1,0
BRDA:283,25,0,39
BRDA:283,25,1,0
BRDA:286,26,0,39
BRDA:286,26,1,0
BRDA:299,27,0,29
BRDA:299,27,1,10
BRDA:320,28,0,6
BRDA:320,28,1,16
BRDA:323,29,0,6
BRDA:323,29,1,0
BRDA:328,30,0,6
BRDA:328,30,1,0
BRDA:329,31,0,6
BRDA:329,31,1,0
BRDA:346,32,0,4
BRDA:346,32,1,0
BRF:64
BRH:41
end_of_record
TN:
SF:/home/nfett/coder/tellor3/contracts/TellorStorage.sol
FNF:0
FNH:0
LF:0
LH:0
BRF:0
BRH:0
end_of_record
TN:
SF:/home/nfett/coder/tellor3/contracts/TellorTransfer.sol
FN:32,allowance
FN:47,allowedToTrade
FN:71,approve
FN:84,balanceOf
FN:94,balanceOfAt
FN:129,transfer
FN:144,transferFrom
FN:166,_doTransfer
FN:194,_doMint
FN:218,_doBurn
FN:239,_updateBalanceAtNow
FNF:11
FNH:11
FNDA:1,allowance
FNDA:98,allowedToTrade
FNDA:5,approve
FNDA:4113,balanceOf
FNDA:4154,balanceOfAt
FNDA:52,transfer
FNDA:4,transferFrom
FNDA:101,_doTransfer
FNDA:1497,_doMint
FNDA:2117,_doBurn
FNDA:5924,_updateBalanceAtNow
DA:37,1
DA:52,98
DA:57,23
DA:58,22
DA:60,1
DA:62,75
DA:72,5
DA:74,3
DA:75,3
DA:76,3
DA:85,4113
DA:99,4154
DA:100,4154
DA:103,97
DA:105,4057
DA:106,4055
DA:108,2
DA:109,2
DA:110,2
DA:111,10
DA:112,10
DA:113,0
DA:115,1
DA:117,9
DA:120,2
DA:133,52
DA:134,44
DA:149,4
DA:153,2
DA:154,2
DA:155,2
DA:171,101
DA:172,99
DA:173,97
DA:177,93
DA:178,93
DA:179,93
DA:180,93
DA:181,93
DA:185,93
DA:186,93
DA:195,1497
DA:196,1495
DA:197,1495
DA:198,1495
DA:199,1495
DA:203,1495
DA:204,1495
DA:208,1495
DA:209,1495
DA:210,1495
DA:219,2117
DA:220,2117
DA:221,2117
DA:222,2117
DA:226,2117
DA:227,2117
DA:231,2117
DA:232,2117
DA:240,5924
DA:241,5924
DA:245,5669
DA:252,255
DA:254,255
LF:64
LH:63
BRDA:52,1,0,23
BRDA:52,1,1,75
BRDA:57,2,0,22
BRDA:57,2,1,1
BRDA:72,3,0,3
BRDA:72,3,1,2
BRDA:100,4,0,97
BRDA:100,4,1,4057
BRDA:105,5,0,4055
BRDA:105,5,1,2
BRDA:112,6,0,0
BRDA:112,6,1,10
BRDA:114,7,0,1
BRDA:114,7,1,9
BRDA:149,8,0,2
BRDA:149,8,1,2
BRDA:171,9,0,99
BRDA:171,9,1,2
BRDA:172,10,0,97
BRDA:172,10,1,2
BRDA:173,11,0,93
BRDA:173,11,1,4
BRDA:181,12,0,93
BRDA:181,12,1,0
BRDA:195,13,0,1495
BRDA:195,13,1,2
BRDA:196,14,0,1495
BRDA:196,14,1,0
BRDA:199,15,0,1495
BRDA:199,15,1,0
BRDA:204,16,0,1495
BRDA:204,16,1,0
BRDA:219,17,0,0
BRDA:219,17,1,2117
BRDA:222,18,0,2117
BRDA:222,18,1,0
BRDA:227,19,0,2117
BRDA:227,19,1,0
BRDA:241,20,0,5669
BRDA:241,20,1,255
BRF:40
BRH:32
end_of_record
TN:
SF:/home/nfett/coder/tellor3/contracts/TellorVariables.sol
FNF:0
FNH:0
LF:0
LH:0
BRF:0
BRH:0
end_of_record
TN:
SF:/home/nfett/coder/tellor3/contracts/Utilities.sol
FN:16,_getMax5
FNF:1
FNH:1
FNDA:277,_getMax5
DA:21,277
DA:22,277
DA:23,277
DA:24,1385
DA:25,1385
DA:26,1385
DA:27,60
DA:28,60
DA:31,277
DA:32,12465
DA:33,3662
DA:34,3662
DA:35,3662
DA:36,3662
DA:37,18310
DA:38,5788
DA:39,5788
LF:17
LH:17
BRDA:26,1,0,60
BRDA:26,1,1,1325
BRDA:32,2,0,3662
BRDA:32,2,1,8803
BRDA:37,3,0,5788
BRDA:37,3,1,12522
BRF:6
BRH:6
end_of_record
